[2013-05-21 17:02:59.171] # OKNAME v3.63 start!<br>
[2013-05-21 17:02:59.172] # mode=SAFE_AUTH_POPUP<br>
[2013-05-21 17:02:59.172] # argv[ 1](hs_cert_svc_tx_seqno)=20130521170259<br>
[2013-05-21 17:02:59.172] # argv[ 2](nm)=x<br>
[2013-05-21 17:02:59.172] # argv[ 3](brdt)=x<br>
[2013-05-21 17:02:59.172] # argv[ 4](sex)=x<br>
[2013-05-21 17:02:59.172] # argv[ 5](ntv_frnr_tp_cd)=x<br>
[2013-05-21 17:02:59.172] # argv[ 6](var1)=x<br>
[2013-05-21 17:02:59.172] # argv[ 7](var2)=x<br>
[2013-05-21 17:02:59.172] # argv[ 8](var3)=0<br>
[2013-05-21 17:02:59.172] # argv[ 9](var4)=0<br>
[2013-05-21 17:02:59.172] # argv[10](var5)=0<br>
[2013-05-21 17:02:59.172] # argv[11](return_msg)=x<br>
[2013-05-21 17:02:59.172] # argv[12](return_url)=http://opencode.co.kr/plugin/kcb/safe_hs_cert3.php<br>
[2013-05-21 17:02:59.172] # argv[13](in_tp_bit)=0<br>
[2013-05-21 17:02:59.172] # argv[14](hs_cert_msr_cd)=10<br>
[2013-05-21 17:02:59.172] # argv[15](hs_cert_rqst_caus_cd)=00<br>
[2013-05-21 17:02:59.172] # argv[16](idcf_mbr_com_cd)=P00000000003<br>
[2013-05-21 17:02:59.172] # argv[17](client_ip)=x<br>
[2013-05-21 17:02:59.172] # argv[18](client_site_nm)=diorcafe.co.kr<br>
[2013-05-21 17:02:59.172] # argv[19](end_point_url)=http://safe.ok-name.co.kr:29080/KcbWebService/OkNameService<br>
[2013-05-21 17:02:59.172] # argv[20](log_path)=/home/opencode/public_html/data/kcb/real<br>
[2013-05-21 17:02:59.172] # argv[21](option)=QL<br>
[2013-05-21 17:02:59.172] # soap_timeout: 30000 ms<br>
[2013-05-21 17:03:15.481] # OKNAME v3.63 start!<br>
[2013-05-21 17:03:15.481] # mode=SAFE_AUTH_POPUP<br>
[2013-05-21 17:03:15.481] # argv[ 1](hs_cert_svc_tx_seqno)=20130521170315<br>
[2013-05-21 17:03:15.481] # argv[ 2](nm)=x<br>
[2013-05-21 17:03:15.481] # argv[ 3](brdt)=x<br>
[2013-05-21 17:03:15.481] # argv[ 4](sex)=x<br>
[2013-05-21 17:03:15.481] # argv[ 5](ntv_frnr_tp_cd)=x<br>
[2013-05-21 17:03:15.481] # argv[ 6](var1)=x<br>
[2013-05-21 17:03:15.481] # argv[ 7](var2)=x<br>
[2013-05-21 17:03:15.481] # argv[ 8](var3)=0<br>
[2013-05-21 17:03:15.481] # argv[ 9](var4)=0<br>
[2013-05-21 17:03:15.481] # argv[10](var5)=0<br>
[2013-05-21 17:03:15.481] # argv[11](return_msg)=x<br>
[2013-05-21 17:03:15.481] # argv[12](return_url)=http://opencode.co.kr/plugin/kcb/safe_hs_cert3.php<br>
[2013-05-21 17:03:15.481] # argv[13](in_tp_bit)=0<br>
[2013-05-21 17:03:15.481] # argv[14](hs_cert_msr_cd)=10<br>
[2013-05-21 17:03:15.481] # argv[15](hs_cert_rqst_caus_cd)=00<br>
[2013-05-21 17:03:15.481] # argv[16](idcf_mbr_com_cd)=P00000000003<br>
[2013-05-21 17:03:15.481] # argv[17](client_ip)=x<br>
[2013-05-21 17:03:15.481] # argv[18](client_site_nm)=diorcafe.co.kr<br>
[2013-05-21 17:03:15.481] # argv[19](end_point_url)=http://safe.ok-name.co.kr:29080/KcbWebService/OkNameService<br>
[2013-05-21 17:03:15.481] # argv[20](log_path)=/home/opencode/public_html/data/kcb/real<br>
[2013-05-21 17:03:15.481] # argv[21](option)=QL<br>
[2013-05-21 17:03:15.481] # soap_timeout: 30000 ms<br>
[2013-05-21 17:03:29.205] # ERROR_1 [ret=28][err_num=0][errno=115]<br>
[2013-05-21 17:03:29.205] # ERROR S202: (Recv key from server error.)<br>
[2013-05-21 17:03:29.205] # final ret code=202<br>
[2013-05-21 17:03:30.784] # OKNAME v3.63 start!<br>
[2013-05-21 17:03:30.784] # mode=SAFE_AUTH_POPUP<br>
[2013-05-21 17:03:30.784] # argv[ 1](hs_cert_svc_tx_seqno)=20130521170330<br>
[2013-05-21 17:03:30.784] # argv[ 2](nm)=x<br>
[2013-05-21 17:03:30.784] # argv[ 3](brdt)=x<br>
[2013-05-21 17:03:30.784] # argv[ 4](sex)=x<br>
[2013-05-21 17:03:30.784] # argv[ 5](ntv_frnr_tp_cd)=x<br>
[2013-05-21 17:03:30.784] # argv[ 6](var1)=x<br>
[2013-05-21 17:03:30.784] # argv[ 7](var2)=x<br>
[2013-05-21 17:03:30.784] # argv[ 8](var3)=0<br>
[2013-05-21 17:03:30.784] # argv[ 9](var4)=0<br>
[2013-05-21 17:03:30.784] # argv[10](var5)=0<br>
[2013-05-21 17:03:30.784] # argv[11](return_msg)=x<br>
[2013-05-21 17:03:30.784] # argv[12](return_url)=http://opencode.co.kr/plugin/kcb/safe_hs_cert3.php<br>
[2013-05-21 17:03:30.784] # argv[13](in_tp_bit)=0<br>
[2013-05-21 17:03:30.784] # argv[14](hs_cert_msr_cd)=10<br>
[2013-05-21 17:03:30.784] # argv[15](hs_cert_rqst_caus_cd)=00<br>
[2013-05-21 17:03:30.784] # argv[16](idcf_mbr_com_cd)=V01270000000<br>
[2013-05-21 17:03:30.784] # argv[17](client_ip)=x<br>
[2013-05-21 17:03:30.784] # argv[18](client_site_nm)=diorcafe.co.kr<br>
[2013-05-21 17:03:30.784] # argv[19](end_point_url)=http://safe.ok-name.co.kr/KcbWebService/OkNameService<br>
[2013-05-21 17:03:30.784] # argv[20](log_path)=/home/opencode/public_html/data/kcb/real<br>
[2013-05-21 17:03:30.785] # argv[21](option)=QL<br>
[2013-05-21 17:03:30.785] # soap_timeout: 30000 ms<br>
[2013-05-21 17:03:30.803] # key   : AwYqDw6zuPj7C0gszTKxQeONpYIoKw==:fingS3raSDKOCUazTImHtQ==<br>
[2013-05-21 17:03:30.803] # spkey : AwYqDw6zuPj7C0gszTKxQeONpYIoKw==<br>
[2013-05-21 17:03:30.803] # ssig  : fingS3raSDKOCUazTImHtQ==<br>
[2013-05-21 17:03:30.820] # nm               : x    <br>
[2013-05-21 17:03:30.820] # brdt             : x    <br>
[2013-05-21 17:03:30.820] # e_nm             : WpD6Vfw=<br>
[2013-05-21 17:03:30.820] # e_brdt           : WpD6Vfw=<br>
[2013-05-21 17:03:30.820] # cpkey : AgB8sIKhZamxS8whwoopyqi9z9L3Ig==<br>
[2013-05-21 17:03:30.820] # csig  : IOgx6T3MYJptRddZ7DaR+g==<br>
[2013-05-21 17:03:30.912] retmsg: YIDqReZin8IxsZrNZY6aeT8L6ujID/n+LSbzjJFmqvbIWe8qgebBhqF85Q5AGETz06UaIZ5tV45I1gmp1BWQv/k0W+N3GjtgLDprNvy4bLf4J0RSIAO1+yO4Yv7IOhr9jjnRhUuBZozYDLMWeyhi/Wx11gECN6N+P0J8ptRsVSXEr99+OkSMkZOGQlnPUGFDsQexp7PlK8+iAVyN7U4fC8cB
[2013-05-21 17:03:30.912] retmsg: B000:정상:LXJyFYm+Z0j/RlEoWUUrxK2j6zRxswziStFJ/A/F7afbAjVPo1n+EkSmb4F2UlSNlTB9n60VWdxZF8dl5vMKgVZH7+MUCi11QETT1Fo2lLydTLkM3oAleGCxClIkfyUZFTzohKnOS2UOra1bzNnZfg==
[2013-05-21 17:03:30.912] B000
[2013-05-21 17:03:30.912] 정상
[2013-05-21 17:03:30.912] LXJyFYm+Z0j/RlEoWUUrxK2j6zRxswziStFJ/A/F7afbAjVPo1n+EkSmb4F2UlSNlTB9n60VWdxZF8dl5vMKgVZH7+MUCi11QETT1Fo2lLydTLkM3oAleGCxClIkfyUZFTzohKnOS2UOra1bzNnZfg==
[2013-05-21 17:03:30.912] # final ret code=0<br>
[2013-05-21 17:03:42.940] # OKNAME v3.63 start!<br>
[2013-05-21 17:03:42.940] # mode=SAFE_AUTH_POPUP<br>
[2013-05-21 17:03:42.940] # argv[ 1](hs_cert_svc_tx_seqno)=20130521170342<br>
[2013-05-21 17:03:42.940] # argv[ 2](nm)=x<br>
[2013-05-21 17:03:42.940] # argv[ 3](brdt)=x<br>
[2013-05-21 17:03:42.940] # argv[ 4](sex)=x<br>
[2013-05-21 17:03:42.940] # argv[ 5](ntv_frnr_tp_cd)=x<br>
[2013-05-21 17:03:42.940] # argv[ 6](var1)=x<br>
[2013-05-21 17:03:42.940] # argv[ 7](var2)=x<br>
[2013-05-21 17:03:42.940] # argv[ 8](var3)=0<br>
[2013-05-21 17:03:42.940] # argv[ 9](var4)=0<br>
[2013-05-21 17:03:42.940] # argv[10](var5)=0<br>
[2013-05-21 17:03:42.940] # argv[11](return_msg)=x<br>
[2013-05-21 17:03:42.940] # argv[12](return_url)=http://opencode.co.kr/plugin/kcb/safe_hs_cert3.php<br>
[2013-05-21 17:03:42.940] # argv[13](in_tp_bit)=0<br>
[2013-05-21 17:03:42.940] # argv[14](hs_cert_msr_cd)=10<br>
[2013-05-21 17:03:42.940] # argv[15](hs_cert_rqst_caus_cd)=00<br>
[2013-05-21 17:03:42.940] # argv[16](idcf_mbr_com_cd)=P00000000003<br>
[2013-05-21 17:03:42.940] # argv[17](client_ip)=x<br>
[2013-05-21 17:03:42.940] # argv[18](client_site_nm)=diorcafe.co.kr<br>
[2013-05-21 17:03:42.940] # argv[19](end_point_url)=http://safe.ok-name.co.kr:29080/KcbWebService/OkNameService<br>
[2013-05-21 17:03:42.940] # argv[20](log_path)=/home/opencode/public_html/data/kcb/real<br>
[2013-05-21 17:03:42.940] # argv[21](option)=QL<br>
[2013-05-21 17:03:42.940] # soap_timeout: 30000 ms<br>
[2013-05-21 17:03:45.514] # ERROR_1 [ret=28][err_num=0][errno=115]<br>
[2013-05-21 17:03:45.514] # ERROR S202: (Recv key from server error.)<br>
[2013-05-21 17:03:45.514] # final ret code=202<br>
[2013-05-21 17:04:12.975] # ERROR_1 [ret=28][err_num=0][errno=115]<br>
[2013-05-21 17:04:12.975] # ERROR S202: (Recv key from server error.)<br>
[2013-05-21 17:04:12.975] # final ret code=202<br>
[2013-05-21 17:05:48.325] # OKNAME v3.63 start!<br>
[2013-05-21 17:05:48.325] # mode=SAFE_AUTH_POPUP<br>
[2013-05-21 17:05:48.325] # argv[ 1](hs_cert_svc_tx_seqno)=20130521170548<br>
[2013-05-21 17:05:48.325] # argv[ 2](nm)=x<br>
[2013-05-21 17:05:48.325] # argv[ 3](brdt)=x<br>
[2013-05-21 17:05:48.325] # argv[ 4](sex)=x<br>
[2013-05-21 17:05:48.325] # argv[ 5](ntv_frnr_tp_cd)=x<br>
[2013-05-21 17:05:48.325] # argv[ 6](var1)=x<br>
[2013-05-21 17:05:48.325] # argv[ 7](var2)=x<br>
[2013-05-21 17:05:48.325] # argv[ 8](var3)=0<br>
[2013-05-21 17:05:48.325] # argv[ 9](var4)=0<br>
[2013-05-21 17:05:48.325] # argv[10](var5)=0<br>
[2013-05-21 17:05:48.325] # argv[11](return_msg)=x<br>
[2013-05-21 17:05:48.325] # argv[12](return_url)=http://opencode.co.kr/plugin/kcb/safe_hs_cert3.php<br>
[2013-05-21 17:05:48.325] # argv[13](in_tp_bit)=0<br>
[2013-05-21 17:05:48.325] # argv[14](hs_cert_msr_cd)=10<br>
[2013-05-21 17:05:48.325] # argv[15](hs_cert_rqst_caus_cd)=00<br>
[2013-05-21 17:05:48.325] # argv[16](idcf_mbr_com_cd)=P00000000003<br>
[2013-05-21 17:05:48.325] # argv[17](client_ip)=x<br>
[2013-05-21 17:05:48.325] # argv[18](client_site_nm)=diorcafe.co.kr<br>
[2013-05-21 17:05:48.325] # argv[19](end_point_url)=http://safe.ok-name.co.kr:29080/KcbWebService/OkNameService<br>
[2013-05-21 17:05:48.325] # argv[20](log_path)=/home/opencode/public_html/data/kcb/real<br>
[2013-05-21 17:05:48.325] # argv[21](option)=QL<br>
[2013-05-21 17:05:48.325] # soap_timeout: 30000 ms<br>
[2013-05-21 17:06:18.344] # ERROR_1 [ret=28][err_num=0][errno=115]<br>
[2013-05-21 17:06:18.345] # ERROR S202: (Recv key from server error.)<br>
[2013-05-21 17:06:18.345] # final ret code=202<br>
[2013-05-21 17:07:40.143] # OKNAME v3.63 start!<br>
[2013-05-21 17:07:40.143] # mode=SAFE_AUTH_POPUP<br>
[2013-05-21 17:07:40.143] # argv[ 1](hs_cert_svc_tx_seqno)=20130521170740<br>
[2013-05-21 17:07:40.143] # argv[ 2](nm)=x<br>
[2013-05-21 17:07:40.143] # argv[ 3](brdt)=x<br>
[2013-05-21 17:07:40.143] # argv[ 4](sex)=x<br>
[2013-05-21 17:07:40.144] # argv[ 5](ntv_frnr_tp_cd)=x<br>
[2013-05-21 17:07:40.144] # argv[ 6](var1)=x<br>
[2013-05-21 17:07:40.144] # argv[ 7](var2)=x<br>
[2013-05-21 17:07:40.144] # argv[ 8](var3)=0<br>
[2013-05-21 17:07:40.144] # argv[ 9](var4)=0<br>
[2013-05-21 17:07:40.144] # argv[10](var5)=0<br>
[2013-05-21 17:07:40.144] # argv[11](return_msg)=x<br>
[2013-05-21 17:07:40.144] # argv[12](return_url)=http://opencode.co.kr/plugin/kcb/safe_hs_cert3.php<br>
[2013-05-21 17:07:40.144] # argv[13](in_tp_bit)=0<br>
[2013-05-21 17:07:40.144] # argv[14](hs_cert_msr_cd)=10<br>
[2013-05-21 17:07:40.144] # argv[15](hs_cert_rqst_caus_cd)=00<br>
[2013-05-21 17:07:40.144] # argv[16](idcf_mbr_com_cd)=P00000000003<br>
[2013-05-21 17:07:40.144] # argv[17](client_ip)=x<br>
[2013-05-21 17:07:40.144] # argv[18](client_site_nm)=diorcafe.co.kr<br>
[2013-05-21 17:07:40.144] # argv[19](end_point_url)=http://safe.ok-name.co.kr:29080/KcbWebService/OkNameService<br>
[2013-05-21 17:07:40.144] # argv[20](log_path)=/home/opencode/public_html/data/kcb/real<br>
[2013-05-21 17:07:40.144] # argv[21](option)=QL<br>
[2013-05-21 17:07:40.144] # soap_timeout: 30000 ms<br>
[2013-05-21 17:08:10.169] # ERROR_1 [ret=28][err_num=0][errno=115]<br>
[2013-05-21 17:08:10.169] # ERROR S202: (Recv key from server error.)<br>
[2013-05-21 17:08:10.169] # final ret code=202<br>
[2013-05-21 17:10:09.377] # OKNAME v3.63 start!<br>
[2013-05-21 17:10:09.377] # mode=SAFE_AUTH_POPUP<br>
[2013-05-21 17:10:09.377] # argv[ 1](hs_cert_svc_tx_seqno)=20130521171009<br>
[2013-05-21 17:10:09.377] # argv[ 2](nm)=x<br>
[2013-05-21 17:10:09.377] # argv[ 3](brdt)=x<br>
[2013-05-21 17:10:09.377] # argv[ 4](sex)=x<br>
[2013-05-21 17:10:09.377] # argv[ 5](ntv_frnr_tp_cd)=x<br>
[2013-05-21 17:10:09.377] # argv[ 6](var1)=x<br>
[2013-05-21 17:10:09.377] # argv[ 7](var2)=x<br>
[2013-05-21 17:10:09.377] # argv[ 8](var3)=0<br>
[2013-05-21 17:10:09.377] # argv[ 9](var4)=0<br>
[2013-05-21 17:10:09.377] # argv[10](var5)=0<br>
[2013-05-21 17:10:09.377] # argv[11](return_msg)=x<br>
[2013-05-21 17:10:09.377] # argv[12](return_url)=http://opencode.co.kr/plugin/kcb/safe_hs_cert3.php<br>
[2013-05-21 17:10:09.377] # argv[13](in_tp_bit)=0<br>
[2013-05-21 17:10:09.377] # argv[14](hs_cert_msr_cd)=10<br>
[2013-05-21 17:10:09.377] # argv[15](hs_cert_rqst_caus_cd)=02<br>
[2013-05-21 17:10:09.377] # argv[16](idcf_mbr_com_cd)=P00000000003<br>
[2013-05-21 17:10:09.377] # argv[17](client_ip)=x<br>
[2013-05-21 17:10:09.377] # argv[18](client_site_nm)=diorcafe.co.kr<br>
[2013-05-21 17:10:09.377] # argv[19](end_point_url)=http://safe.ok-name.co.kr:29080/KcbWebService/OkNameService<br>
[2013-05-21 17:10:09.378] # argv[20](log_path)=/home/opencode/public_html/data/kcb/real<br>
[2013-05-21 17:10:09.378] # argv[21](option)=QL<br>
[2013-05-21 17:10:09.378] # soap_timeout: 30000 ms<br>
[2013-05-21 17:10:39.446] # ERROR_1 [ret=28][err_num=0][errno=115]<br>
[2013-05-21 17:10:39.446] # ERROR S202: (Recv key from server error.)<br>
[2013-05-21 17:10:39.446] # final ret code=202<br>
[2013-05-21 17:11:18.220] # OKNAME v3.63 start!<br>
[2013-05-21 17:11:18.220] # mode=SAFE_AUTH_POPUP<br>
[2013-05-21 17:11:18.220] # argv[ 1](hs_cert_svc_tx_seqno)=20130521171105<br>
[2013-05-21 17:11:18.220] # argv[ 2](nm)=x<br>
[2013-05-21 17:11:18.220] # argv[ 3](brdt)=x<br>
[2013-05-21 17:11:18.220] # argv[ 4](sex)=x<br>
[2013-05-21 17:11:18.220] # argv[ 5](ntv_frnr_tp_cd)=x<br>
[2013-05-21 17:11:18.220] # argv[ 6](var1)=x<br>
[2013-05-21 17:11:18.220] # argv[ 7](var2)=x<br>
[2013-05-21 17:11:18.220] # argv[ 8](var3)=0<br>
[2013-05-21 17:11:18.220] # argv[ 9](var4)=0<br>
[2013-05-21 17:11:18.220] # argv[10](var5)=0<br>
[2013-05-21 17:11:18.220] # argv[11](return_msg)=x<br>
[2013-05-21 17:11:18.220] # argv[12](return_url)=http://opencode.co.kr/plugin/kcb/safe_hs_cert3.php<br>
[2013-05-21 17:11:18.220] # argv[13](in_tp_bit)=0<br>
[2013-05-21 17:11:18.220] # argv[14](hs_cert_msr_cd)=10<br>
[2013-05-21 17:11:18.220] # argv[15](hs_cert_rqst_caus_cd)=02<br>
[2013-05-21 17:11:18.220] # argv[16](idcf_mbr_com_cd)=P00000000003<br>
[2013-05-21 17:11:18.220] # argv[17](client_ip)=x<br>
[2013-05-21 17:11:18.220] # argv[18](client_site_nm)=diorcafe.co.kr<br>
[2013-05-21 17:11:18.220] # argv[19](end_point_url)=http://safe.ok-name.co.kr:29080/KcbWebService/OkNameService<br>
[2013-05-21 17:11:18.220] # argv[20](log_path)=/home/opencode/public_html/data/kcb/real<br>
[2013-05-21 17:11:18.220] # argv[21](option)=QLD<br>
[2013-05-21 17:11:18.220] # soap_timeout: 30000 ms<br>
[2013-05-21 17:13:21.882] # OKNAME v3.63 start!<br>
[2013-05-21 17:13:21.882] # mode=SAFE_AUTH_POPUP<br>
[2013-05-21 17:13:21.882] # argv[ 1](hs_cert_svc_tx_seqno)=20130521171321<br>
[2013-05-21 17:13:21.882] # argv[ 2](nm)=x<br>
[2013-05-21 17:13:21.882] # argv[ 3](brdt)=x<br>
[2013-05-21 17:13:21.882] # argv[ 4](sex)=x<br>
[2013-05-21 17:13:21.883] # argv[ 5](ntv_frnr_tp_cd)=x<br>
[2013-05-21 17:13:21.883] # argv[ 6](var1)=x<br>
[2013-05-21 17:13:21.883] # argv[ 7](var2)=x<br>
[2013-05-21 17:13:21.883] # argv[ 8](var3)=0<br>
[2013-05-21 17:13:21.883] # argv[ 9](var4)=0<br>
[2013-05-21 17:13:21.883] # argv[10](var5)=0<br>
[2013-05-21 17:13:21.883] # argv[11](return_msg)=x<br>
[2013-05-21 17:13:21.883] # argv[12](return_url)=http://opencode.co.kr/plugin/kcb/safe_hs_cert3.php<br>
[2013-05-21 17:13:21.883] # argv[13](in_tp_bit)=0<br>
[2013-05-21 17:13:21.883] # argv[14](hs_cert_msr_cd)=10<br>
[2013-05-21 17:13:21.883] # argv[15](hs_cert_rqst_caus_cd)=02<br>
[2013-05-21 17:13:21.883] # argv[16](idcf_mbr_com_cd)=P00000000003<br>
[2013-05-21 17:13:21.883] # argv[17](client_ip)=x<br>
[2013-05-21 17:13:21.883] # argv[18](client_site_nm)=diorcafe.co.kr<br>
[2013-05-21 17:13:21.883] # argv[19](end_point_url)=http://tsafe.ok-name.co.kr:29080/KcbWebService/OkNameService<br>
[2013-05-21 17:13:21.883] # argv[20](log_path)=/home/opencode/public_html/data/kcb/real<br>
[2013-05-21 17:13:21.883] # argv[21](option)=QL<br>
[2013-05-21 17:13:21.883] # soap_timeout: 30000 ms<br>
[2013-05-21 17:13:22.913] # key   : AgRIx9ZW0+R9+FiMxsjRxHbUY7DOGg==:Ps9qVZAqmo+xLMFSAisr6g==<br>
[2013-05-21 17:13:22.913] # spkey : AgRIx9ZW0+R9+FiMxsjRxHbUY7DOGg==<br>
[2013-05-21 17:13:22.913] # ssig  : Ps9qVZAqmo+xLMFSAisr6g==<br>
[2013-05-21 17:13:22.915] # nm               : x    <br>
[2013-05-21 17:13:22.915] # brdt             : x    <br>
[2013-05-21 17:13:22.915] # e_nm             : w/ogZYE=<br>
[2013-05-21 17:13:22.915] # e_brdt           : w/ogZYE=<br>
[2013-05-21 17:13:22.915] # cpkey : Awd6hW/qgDqMB04nyxCA7mQn13zI1Q==<br>
[2013-05-21 17:13:22.915] # csig  : N+rKACuFSERuf5P/oBWM7w==<br>
[2013-05-21 17:13:22.941] retmsg: +eoxdZsiQ5a3d11muATBvyeo/td62EEvP3g5xiieY2w1/5KGq1p6QtJhSJR2CelqId3XC+gOlmfm9NQ8y9kkjNLeM7LoywcYMQ4NKP3FI1gvdQW7Wt6Q0k8MMaDAPfOvVKD+HvSkuM+YLoKW9ar2S8sFU2eQ4tqfL+HdiQxnLJiDDAzdd5VUPlE5Tlb6ucsJotgjh4xEG6drRSLfiN89fleqcZ5XaWEjZLCVvhDUEmHXEFKDt1E4/qYDyORk/ZL9/POo
[2013-05-21 17:13:22.941] retmsg: B010:서비스 호출 유형이 올바르지 않습니다.:nG5E47BLCzYJIlHAzPUqtowDgqPNSLtgmlds/zyx5vXamQV8F70JLmn5H29ZJhHD0Z4+i3gvsdeIQmU+Mfrr9KXH8l/aPDSDCmu9vSpK3RRXgKEkQaCQgBVtAxRFZI5sF+NjZP4SKQQKW/u5D6NfGA==
[2013-05-21 17:13:22.941] B010
[2013-05-21 17:13:22.941] 서비스 호출 유형이 올바르지 않습니다.
[2013-05-21 17:13:22.941] nG5E47BLCzYJIlHAzPUqtowDgqPNSLtgmlds/zyx5vXamQV8F70JLmn5H29ZJhHD0Z4+i3gvsdeIQmU+Mfrr9KXH8l/aPDSDCmu9vSpK3RRXgKEkQaCQgBVtAxRFZI5sF+NjZP4SKQQKW/u5D6NfGA==
[2013-05-21 17:13:22.941] # final ret code=10<br>
[2013-05-21 17:13:30.953] # OKNAME v3.63 start!<br>
[2013-05-21 17:13:30.954] # mode=SAFE_AUTH_POPUP<br>
[2013-05-21 17:13:30.954] # argv[ 1](hs_cert_svc_tx_seqno)=20130521171330<br>
[2013-05-21 17:13:30.954] # argv[ 2](nm)=x<br>
[2013-05-21 17:13:30.954] # argv[ 3](brdt)=x<br>
[2013-05-21 17:13:30.954] # argv[ 4](sex)=x<br>
[2013-05-21 17:13:30.954] # argv[ 5](ntv_frnr_tp_cd)=x<br>
[2013-05-21 17:13:30.954] # argv[ 6](var1)=x<br>
[2013-05-21 17:13:30.954] # argv[ 7](var2)=x<br>
[2013-05-21 17:13:30.954] # argv[ 8](var3)=0<br>
[2013-05-21 17:13:30.954] # argv[ 9](var4)=0<br>
[2013-05-21 17:13:30.954] # argv[10](var5)=0<br>
[2013-05-21 17:13:30.954] # argv[11](return_msg)=x<br>
[2013-05-21 17:13:30.954] # argv[12](return_url)=http://opencode.co.kr/plugin/kcb/safe_hs_cert3.php<br>
[2013-05-21 17:13:30.954] # argv[13](in_tp_bit)=0<br>
[2013-05-21 17:13:30.954] # argv[14](hs_cert_msr_cd)=10<br>
[2013-05-21 17:13:30.954] # argv[15](hs_cert_rqst_caus_cd)=02<br>
[2013-05-21 17:13:30.954] # argv[16](idcf_mbr_com_cd)=P00000000003<br>
[2013-05-21 17:13:30.954] # argv[17](client_ip)=x<br>
[2013-05-21 17:13:30.954] # argv[18](client_site_nm)=diorcafe.co.kr<br>
[2013-05-21 17:13:30.954] # argv[19](end_point_url)=http://tsafe.ok-name.co.kr:29080/KcbWebService/OkNameService<br>
[2013-05-21 17:13:30.954] # argv[20](log_path)=/home/opencode/public_html/data/kcb/real<br>
[2013-05-21 17:13:30.954] # argv[21](option)=QL<br>
[2013-05-21 17:13:30.954] # soap_timeout: 30000 ms<br>
[2013-05-21 17:13:30.976] # key   : AgIE4hT/bN8mMVmyCr5bND/1e7jYiA==:KnFuMuR2c+5L46jIFzA1WA==<br>
[2013-05-21 17:13:30.976] # spkey : AgIE4hT/bN8mMVmyCr5bND/1e7jYiA==<br>
[2013-05-21 17:13:30.976] # ssig  : KnFuMuR2c+5L46jIFzA1WA==<br>
[2013-05-21 17:13:30.977] # nm               : x    <br>
[2013-05-21 17:13:30.977] # brdt             : x    <br>
[2013-05-21 17:13:30.977] # e_nm             : rh8bhZg=<br>
[2013-05-21 17:13:30.977] # e_brdt           : rh8bhZg=<br>
[2013-05-21 17:13:30.978] # cpkey : AwFnLsFgIu77f8xNBB44S3LxWQsV9w==<br>
[2013-05-21 17:13:30.978] # csig  : H1RvWduDm/nR8mRFLnKQcg==<br>
[2013-05-21 17:13:31.005] retmsg: lA8KlYIANy5Ibk+V4QZXDdFwsNPmLExN6KWLcqg9STqdJKEE4tZVSH3A4UXOrJrpPkWBXNsknOpOeC4PXjcymqgPxoQu0AE11iEC7RYCYGO9TE+J/gkCmbcp4mimdnd1CPNO0xwAed82Dxqo4Taxw/My37TIFDrpG/l1mgKA2u+Yn0vFS7GQ/IdTx+yMXyvGz3NT4rIrc9M4fRKXv31HK8Y7bFEeoVBykl/OQU04UGOZq5/zrX870a6Kj29S7+LnCltr
[2013-05-21 17:13:31.005] retmsg: B010:서비스 호출 유형이 올바르지 않습니다.:nG5E47BLCzYJIlHAzPUqtgP85p/ddTNOzOsRVBHSZgEUEQZglYrcWE9nN6FLqJMVd3/lFKA5NtLeWJKiV70s42bq/mOfRTdVhdmG1pSxF4ENrqaggzyYeSui9aXREpflQ0Cuqj83wjlX37Ys04E65g==
[2013-05-21 17:13:31.005] B010
[2013-05-21 17:13:31.005] 서비스 호출 유형이 올바르지 않습니다.
[2013-05-21 17:13:31.005] nG5E47BLCzYJIlHAzPUqtgP85p/ddTNOzOsRVBHSZgEUEQZglYrcWE9nN6FLqJMVd3/lFKA5NtLeWJKiV70s42bq/mOfRTdVhdmG1pSxF4ENrqaggzyYeSui9aXREpflQ0Cuqj83wjlX37Ys04E65g==
[2013-05-21 17:13:31.005] # final ret code=10<br>
[2013-05-21 17:17:11.739] # OKNAME v3.63 start!<br>
[2013-05-21 17:17:11.739] # mode=SAFE_AUTH_POPUP<br>
[2013-05-21 17:17:11.739] # argv[ 1](hs_cert_svc_tx_seqno)=20130521171711<br>
[2013-05-21 17:17:11.739] # argv[ 2](nm)=x<br>
[2013-05-21 17:17:11.739] # argv[ 3](brdt)=x<br>
[2013-05-21 17:17:11.739] # argv[ 4](sex)=x<br>
[2013-05-21 17:17:11.739] # argv[ 5](ntv_frnr_tp_cd)=x<br>
[2013-05-21 17:17:11.739] # argv[ 6](var1)=x<br>
[2013-05-21 17:17:11.739] # argv[ 7](var2)=x<br>
[2013-05-21 17:17:11.739] # argv[ 8](var3)=0<br>
[2013-05-21 17:17:11.739] # argv[ 9](var4)=0<br>
[2013-05-21 17:17:11.739] # argv[10](var5)=0<br>
[2013-05-21 17:17:11.739] # argv[11](return_msg)=x<br>
[2013-05-21 17:17:11.739] # argv[12](return_url)=http://opencode.co.kr/plugin/kcb/safe_hs_cert3.php<br>
[2013-05-21 17:17:11.740] # argv[13](in_tp_bit)=0<br>
[2013-05-21 17:17:11.740] # argv[14](hs_cert_msr_cd)=10<br>
[2013-05-21 17:17:11.740] # argv[15](hs_cert_rqst_caus_cd)=02<br>
[2013-05-21 17:17:11.740] # argv[16](idcf_mbr_com_cd)=V01270000000<br>
[2013-05-21 17:17:11.740] # argv[17](client_ip)=x<br>
[2013-05-21 17:17:11.740] # argv[18](client_site_nm)=diorcafe.co.kr<br>
[2013-05-21 17:17:11.740] # argv[19](end_point_url)=http://tsafe.ok-name.co.kr:29080/KcbWebService/OkNameService<br>
[2013-05-21 17:17:11.740] # argv[20](log_path)=/home/opencode/public_html/data/kcb/real<br>
[2013-05-21 17:17:11.740] # argv[21](option)=QL<br>
[2013-05-21 17:17:11.740] # soap_timeout: 30000 ms<br>
[2013-05-21 17:17:11.766] # key   : AgMRVnn4dUVFO2bXmf9In8Vu6XvdtA==:FfcFM2N1D4UfP4y9Tl9tow==<br>
[2013-05-21 17:17:11.766] # spkey : AgMRVnn4dUVFO2bXmf9In8Vu6XvdtA==<br>
[2013-05-21 17:17:11.766] # ssig  : FfcFM2N1D4UfP4y9Tl9tow==<br>
[2013-05-21 17:17:11.767] # nm               : x    <br>
[2013-05-21 17:17:11.767] # brdt             : x    <br>
[2013-05-21 17:17:11.768] # e_nm             : 9VkN0Rs=<br>
[2013-05-21 17:17:11.768] # e_brdt           : 9VkN0Rs=<br>
[2013-05-21 17:17:11.768] # cpkey : AwKPujW3aLCuPkXZUQxUXAjuzMEpPw==<br>
[2013-05-21 17:17:11.768] # csig  : P2hozIMVJSXpMryDrY4qPA==<br>
[2013-05-21 17:17:11.899] retmsg: z0kdwQE+qMDTse9KIIQozj4U3TAQTKwDUW2xnEfkWPa+aUnrUn9hScNR9dXkCf4ZB+9ZcXNN8QMRCCTEosYahihDMw26eo9h2VdiRY3x3mjcUTziEBvdoZYBS9ZzhOnoPtiMs+NfB6/5GlR2JQRskW99KVmM+Emmp20bcW3rGBuDraquRt675RBMd9I/sZozqE2jCDbOT1QAYf/TxSynrORd
[2013-05-21 17:17:11.899] retmsg: B000:정상:LXJyFYm+Z0j/RlEoWUUrxDwgu5ulThBOBvyJ2YtPPgX1tgiSz9SmmhDHRdOTue9EfgXCJJDS5wJx17pS86cIFmLYq8lsI27awF5FuUBigMmaDSClbyJiAPfpTMK1wNkamucID2JEwxvxCa0nru+vxw==
[2013-05-21 17:17:11.899] B000
[2013-05-21 17:17:11.899] 정상
[2013-05-21 17:17:11.899] LXJyFYm+Z0j/RlEoWUUrxDwgu5ulThBOBvyJ2YtPPgX1tgiSz9SmmhDHRdOTue9EfgXCJJDS5wJx17pS86cIFmLYq8lsI27awF5FuUBigMmaDSClbyJiAPfpTMK1wNkamucID2JEwxvxCa0nru+vxw==
[2013-05-21 17:17:11.899] # final ret code=0<br>
[2013-05-21 17:17:18.537] # OKNAME v3.63 start!<br>
[2013-05-21 17:17:18.537] # mode=SAFE_AUTH_POPUP<br>
[2013-05-21 17:17:18.537] # argv[ 1](hs_cert_svc_tx_seqno)=20130521171718<br>
[2013-05-21 17:17:18.537] # argv[ 2](nm)=x<br>
[2013-05-21 17:17:18.538] # argv[ 3](brdt)=x<br>
[2013-05-21 17:17:18.538] # argv[ 4](sex)=x<br>
[2013-05-21 17:17:18.538] # argv[ 5](ntv_frnr_tp_cd)=x<br>
[2013-05-21 17:17:18.538] # argv[ 6](var1)=x<br>
[2013-05-21 17:17:18.538] # argv[ 7](var2)=x<br>
[2013-05-21 17:17:18.538] # argv[ 8](var3)=0<br>
[2013-05-21 17:17:18.538] # argv[ 9](var4)=0<br>
[2013-05-21 17:17:18.538] # argv[10](var5)=0<br>
[2013-05-21 17:17:18.538] # argv[11](return_msg)=x<br>
[2013-05-21 17:17:18.538] # argv[12](return_url)=http://opencode.co.kr/plugin/kcb/safe_hs_cert3.php<br>
[2013-05-21 17:17:18.538] # argv[13](in_tp_bit)=0<br>
[2013-05-21 17:17:18.538] # argv[14](hs_cert_msr_cd)=10<br>
[2013-05-21 17:17:18.538] # argv[15](hs_cert_rqst_caus_cd)=02<br>
[2013-05-21 17:17:18.538] # argv[16](idcf_mbr_com_cd)=V01270000000<br>
[2013-05-21 17:17:18.538] # argv[17](client_ip)=x<br>
[2013-05-21 17:17:18.538] # argv[18](client_site_nm)=diorcafe.co.kr<br>
[2013-05-21 17:17:18.538] # argv[19](end_point_url)=http://tsafe.ok-name.co.kr:29080/KcbWebService/OkNameService<br>
[2013-05-21 17:17:18.538] # argv[20](log_path)=/home/opencode/public_html/data/kcb/real<br>
[2013-05-21 17:17:18.538] # argv[21](option)=QL<br>
[2013-05-21 17:17:18.538] # soap_timeout: 30000 ms<br>
[2013-05-21 17:17:18.570] # key   : AgDkj8tJpDZEJclcX483XViKw2A0dw==:DkgKkkzsYwFtfVPP/zkXCg==<br>
[2013-05-21 17:17:18.571] # spkey : AgDkj8tJpDZEJclcX483XViKw2A0dw==<br>
[2013-05-21 17:17:18.571] # ssig  : DkgKkkzsYwFtfVPP/zkXCg==<br>
[2013-05-21 17:17:18.572] # nm               : x    <br>
[2013-05-21 17:17:18.572] # brdt             : x    <br>
[2013-05-21 17:17:18.572] # e_nm             : /s3eY8k=<br>
[2013-05-21 17:17:18.572] # e_brdt           : /s3eY8k=<br>
[2013-05-21 17:17:18.572] # cpkey : AgAuHJ6ECEPuTnDet1Ci07bZnhoTcA==<br>
[2013-05-21 17:17:18.572] # csig  : fr91A0lWXWvmMSvGT+0WBQ==<br>
[2013-05-21 17:17:18.647] retmsg: xN3Oc9PLUVCBZrx2kOuR1BlWYnADl8kz2VJd8c8RusY2gDHQm3wfGTqNap/VJQcy+pwRWzN4MuQpgtj42o62ZKqlGX0PyiEy4WUZvlyczXZWKEZXjBJJ2pG1UkOx7ceTTGCJZvnfQE3qMhtEacG//UZNF7ruWCb2C5ZyQl2ILR2yUhoGCvIudjzsDoUapIhny1ABMV3y0NGkd7Yj4fQgZUcF
[2013-05-21 17:17:18.647] retmsg: B000:정상:LXJyFYm+Z0j/RlEoWUUrxEZt2c+khooApKF4SEmdui6GHYolW+oQTYjZESqhZ+OxsHh7kRRpu3zuwrnPl6NQ9pEKm0vWUosf9VyTASWod5egvGSydZsUA+Z0+oXAmDh2DzslaRUdCE1H8/O9SqVtVA==
[2013-05-21 17:17:18.647] B000
[2013-05-21 17:17:18.648] 정상
[2013-05-21 17:17:18.648] LXJyFYm+Z0j/RlEoWUUrxEZt2c+khooApKF4SEmdui6GHYolW+oQTYjZESqhZ+OxsHh7kRRpu3zuwrnPl6NQ9pEKm0vWUosf9VyTASWod5egvGSydZsUA+Z0+oXAmDh2DzslaRUdCE1H8/O9SqVtVA==
[2013-05-21 17:17:18.648] # final ret code=0<br>
[2013-05-21 18:30:21.010] # OKNAME v3.63 start!<br>
[2013-05-21 18:30:21.011] # mode=SAFE_AUTH_POPUP<br>
[2013-05-21 18:30:21.011] # argv[ 1](hs_cert_svc_tx_seqno)=20130521183021<br>
[2013-05-21 18:30:21.011] # argv[ 2](nm)=x<br>
[2013-05-21 18:30:21.011] # argv[ 3](brdt)=x<br>
[2013-05-21 18:30:21.011] # argv[ 4](sex)=x<br>
[2013-05-21 18:30:21.011] # argv[ 5](ntv_frnr_tp_cd)=x<br>
[2013-05-21 18:30:21.011] # argv[ 6](var1)=x<br>
[2013-05-21 18:30:21.011] # argv[ 7](var2)=x<br>
[2013-05-21 18:30:21.011] # argv[ 8](var3)=0<br>
[2013-05-21 18:30:21.011] # argv[ 9](var4)=0<br>
[2013-05-21 18:30:21.011] # argv[10](var5)=0<br>
[2013-05-21 18:30:21.011] # argv[11](return_msg)=x<br>
[2013-05-21 18:30:21.011] # argv[12](return_url)=http://opencode.co.kr/plugin/kcb/safe_hs_cert3.php<br>
[2013-05-21 18:30:21.011] # argv[13](in_tp_bit)=0<br>
[2013-05-21 18:30:21.011] # argv[14](hs_cert_msr_cd)=10<br>
[2013-05-21 18:30:21.011] # argv[15](hs_cert_rqst_caus_cd)=02<br>
[2013-05-21 18:30:21.011] # argv[16](idcf_mbr_com_cd)=V01270000000<br>
[2013-05-21 18:30:21.011] # argv[17](client_ip)=x<br>
[2013-05-21 18:30:21.011] # argv[18](client_site_nm)=diorcafe.co.kr<br>
[2013-05-21 18:30:21.011] # argv[19](end_point_url)=http://tsafe.ok-name.co.kr:29080/KcbWebService/OkNameService<br>
[2013-05-21 18:30:21.011] # argv[20](log_path)=/home/opencode/public_html/data/kcb/real<br>
[2013-05-21 18:30:21.011] # argv[21](option)=QL<br>
[2013-05-21 18:30:21.011] # soap_timeout: 30000 ms<br>
[2013-05-21 18:30:21.031] # key   : AgeFxghpxbXgJMo2mwGDo+qPsOxwSA==:5lbSUuW8Rb/LoC/LSSJKKg==<br>
[2013-05-21 18:30:21.031] # spkey : AgeFxghpxbXgJMo2mwGDo+qPsOxwSA==<br>
[2013-05-21 18:30:21.031] # ssig  : 5lbSUuW8Rb/LoC/LSSJKKg==<br>
[2013-05-21 18:30:21.033] # nm               : x    <br>
[2013-05-21 18:30:21.033] # brdt             : x    <br>
[2013-05-21 18:30:21.033] # e_nm             : zD0bW+Q=<br>
[2013-05-21 18:30:21.033] # e_brdt           : zD0bW+Q=<br>
[2013-05-21 18:30:21.033] # cpkey : AwTSPgHyqQl+QhzoC7FTUC0L4gHsvw==<br>
[2013-05-21 18:30:21.033] # csig  : A0AUuDgsFhA2l1CG7mlbFA==<br>
[2013-05-21 18:30:21.285] retmsg: 9i0LS/5rdStbldzr72L2jPOgIQK8PvBJfge4AaIUxhc7/8N5zsTfU3Z//O6cBdfOu8ie4xYoERhQ9KMV2ZG4PgajS8BwK4V39Hhw1fOoRWz6J4cDUpl3cgQl0l9RzgDC+cajT+UEpVlgboH6ygudko/FDM80gULhmiln986Fow3LN7c/SKPAKzLa0K4zKjxNDx1tG8M0oxjb8Bj8UM+MjLyu
[2013-05-21 18:30:21.285] retmsg: B000:정상:LXJyFYm+Z0j/RlEoWUUrxC3619oVAoHhnJR5JCVJJd+5g5Th7mxVw6vixfk8wD4/mKjzAiDefE2LQo4oMtYRWV8NqKRDENoMpJcm7mK4MGFpThowN4tkRSVsY8xkmJPK7HYIHGjeXZxIWJyQnSTeLw==
[2013-05-21 18:30:21.285] B000
[2013-05-21 18:30:21.285] 정상
[2013-05-21 18:30:21.285] LXJyFYm+Z0j/RlEoWUUrxC3619oVAoHhnJR5JCVJJd+5g5Th7mxVw6vixfk8wD4/mKjzAiDefE2LQo4oMtYRWV8NqKRDENoMpJcm7mK4MGFpThowN4tkRSVsY8xkmJPK7HYIHGjeXZxIWJyQnSTeLw==
[2013-05-21 18:30:21.285] # final ret code=0<br>
[2013-05-21 18:33:48.033] # OKNAME v3.63 start!<br>
[2013-05-21 18:33:48.033] # mode=SAFE_AUTH_POPUP<br>
[2013-05-21 18:33:48.033] # argv[ 1](hs_cert_svc_tx_seqno)=20130521183348<br>
[2013-05-21 18:33:48.033] # argv[ 2](nm)=x<br>
[2013-05-21 18:33:48.033] # argv[ 3](brdt)=x<br>
[2013-05-21 18:33:48.033] # argv[ 4](sex)=x<br>
[2013-05-21 18:33:48.033] # argv[ 5](ntv_frnr_tp_cd)=x<br>
[2013-05-21 18:33:48.033] # argv[ 6](var1)=x<br>
[2013-05-21 18:33:48.033] # argv[ 7](var2)=x<br>
[2013-05-21 18:33:48.034] # argv[ 8](var3)=0<br>
[2013-05-21 18:33:48.034] # argv[ 9](var4)=0<br>
[2013-05-21 18:33:48.034] # argv[10](var5)=0<br>
[2013-05-21 18:33:48.034] # argv[11](return_msg)=x<br>
[2013-05-21 18:33:48.034] # argv[12](return_url)=http://opencode.co.kr/plugin/kcb/safe_hs_cert3.php<br>
[2013-05-21 18:33:48.034] # argv[13](in_tp_bit)=0<br>
[2013-05-21 18:33:48.034] # argv[14](hs_cert_msr_cd)=10<br>
[2013-05-21 18:33:48.034] # argv[15](hs_cert_rqst_caus_cd)=02<br>
[2013-05-21 18:33:48.034] # argv[16](idcf_mbr_com_cd)=V01270000000<br>
[2013-05-21 18:33:48.034] # argv[17](client_ip)=x<br>
[2013-05-21 18:33:48.034] # argv[18](client_site_nm)=diorcafe.co.kr<br>
[2013-05-21 18:33:48.034] # argv[19](end_point_url)=http://tsafe.ok-name.co.kr:29080/KcbWebService/OkNameService<br>
[2013-05-21 18:33:48.034] # argv[20](log_path)=/home/opencode/public_html/data/kcb/real<br>
[2013-05-21 18:33:48.034] # argv[21](option)=QL<br>
[2013-05-21 18:33:48.034] # soap_timeout: 30000 ms<br>
[2013-05-21 18:33:48.056] # key   : AwNcuIYgNT88+VPXwkNskp3FznoAhw==:fesKxcEzQ9x/sQEV4tUHBw==<br>
[2013-05-21 18:33:48.056] # spkey : AwNcuIYgNT88+VPXwkNskp3FznoAhw==<br>
[2013-05-21 18:33:48.056] # ssig  : fesKxcEzQ9x/sQEV4tUHBw==<br>
[2013-05-21 18:33:48.058] # nm               : x    <br>
[2013-05-21 18:33:48.058] # brdt             : x    <br>
[2013-05-21 18:33:48.058] # e_nm             : SwC1gqA=<br>
[2013-05-21 18:33:48.058] # e_brdt           : SwC1gqA=<br>
[2013-05-21 18:33:48.058] # cpkey : AwDYzrBxNyUAjRx8AomKXLQWEvwpwA==<br>
[2013-05-21 18:33:48.058] # csig  : W4PgIGF4/Qt5dm6IsfjiiQ==<br>
[2013-05-21 18:33:49.351] retmsg: cRClkrpUOBb7+/EaBld9TElgfq+6KLQwqUa4XbSTloJc8JTHMrUURRO2+GLrGMNKeaF6oeaTC/y/RbKlSeVQY9w8G1kNFhzeriqdpvosZImZJedbOXi1CT1k2z2GTlTO0ZdOAXh2iMcNtOMUARrKBOXMs7tXhsW91uKsr2+FgB4kknoS+KLc/erZqq3KHWz7ckA680C7JViz4USRkm0BvWH+
[2013-05-21 18:33:49.351] retmsg: B000:정상:LXJyFYm+Z0j/RlEoWUUrxFt8od9G8LJcMLsxl9mN/Mhe44vmaxBUv+OLUQxd080FwfFEkaxdkuHQN6eUbIAan84l5wxWx4uU4jzZo0dT8jEeSgi64ins+P2Hqr/0TWQEXns5NM7Z075i5isDIpPD+w==
[2013-05-21 18:33:49.351] B000
[2013-05-21 18:33:49.351] 정상
[2013-05-21 18:33:49.351] LXJyFYm+Z0j/RlEoWUUrxFt8od9G8LJcMLsxl9mN/Mhe44vmaxBUv+OLUQxd080FwfFEkaxdkuHQN6eUbIAan84l5wxWx4uU4jzZo0dT8jEeSgi64ins+P2Hqr/0TWQEXns5NM7Z075i5isDIpPD+w==
[2013-05-21 18:33:49.351] # final ret code=0<br>
[2013-05-21 18:34:19.964] # OKNAME v3.63 start!<br>
[2013-05-21 18:34:19.964] # mode=SAFE_AUTH_POPUP<br>
[2013-05-21 18:34:19.964] # argv[ 1](hs_cert_svc_tx_seqno)=20130521183419<br>
[2013-05-21 18:34:19.964] # argv[ 2](nm)=x<br>
[2013-05-21 18:34:19.964] # argv[ 3](brdt)=x<br>
[2013-05-21 18:34:19.964] # argv[ 4](sex)=x<br>
[2013-05-21 18:34:19.964] # argv[ 5](ntv_frnr_tp_cd)=x<br>
[2013-05-21 18:34:19.964] # argv[ 6](var1)=x<br>
[2013-05-21 18:34:19.964] # argv[ 7](var2)=x<br>
[2013-05-21 18:34:19.964] # argv[ 8](var3)=0<br>
[2013-05-21 18:34:19.964] # argv[ 9](var4)=0<br>
[2013-05-21 18:34:19.965] # argv[10](var5)=0<br>
[2013-05-21 18:34:19.965] # argv[11](return_msg)=x<br>
[2013-05-21 18:34:19.965] # argv[12](return_url)=http://opencode.co.kr/plugin/kcb/safe_hs_cert3.php<br>
[2013-05-21 18:34:19.965] # argv[13](in_tp_bit)=0<br>
[2013-05-21 18:34:19.965] # argv[14](hs_cert_msr_cd)=10<br>
[2013-05-21 18:34:19.965] # argv[15](hs_cert_rqst_caus_cd)=02<br>
[2013-05-21 18:34:19.965] # argv[16](idcf_mbr_com_cd)=V01270000000<br>
[2013-05-21 18:34:19.965] # argv[17](client_ip)=x<br>
[2013-05-21 18:34:19.965] # argv[18](client_site_nm)=diorcafe.co.kr<br>
[2013-05-21 18:34:19.965] # argv[19](end_point_url)=http://tsafe.ok-name.co.kr:29080/KcbWebService/OkNameService<br>
[2013-05-21 18:34:19.965] # argv[20](log_path)=/home/opencode/public_html/data/kcb/real<br>
[2013-05-21 18:34:19.965] # argv[21](option)=QL<br>
[2013-05-21 18:34:19.965] # soap_timeout: 30000 ms<br>
[2013-05-21 18:34:19.987] # key   : AwZwiekbWXwwgiQLN9HI1slI9fP59A==:gx/8hoO9Z2mxV0mVMcDfNQ==<br>
[2013-05-21 18:34:19.987] # spkey : AwZwiekbWXwwgiQLN9HI1slI9fP59A==<br>
[2013-05-21 18:34:19.987] # ssig  : gx/8hoO9Z2mxV0mVMcDfNQ==<br>
[2013-05-21 18:34:19.988] # nm               : x    <br>
[2013-05-21 18:34:19.988] # brdt             : x    <br>
[2013-05-21 18:34:19.988] # e_nm             : t0mW4BY=<br>
[2013-05-21 18:34:19.988] # e_brdt           : t0mW4BY=<br>
[2013-05-21 18:34:19.988] # cpkey : AwUZWxC2ZaseXO//R8iCdflvVNlWQA==<br>
[2013-05-21 18:34:19.988] # csig  : cCZNaROq3qvw/AvrtI+X9w==<br>
[2013-05-21 18:34:20.339] retmsg: jVmG8Ayy9SBD7f8xMFjE9/4ikqzbktnQvO/sucfCUCtlackjskW6q4ksRtqIAqL2TNLbMiP/v94E9R/gmQQ22/vOrQP+WKN+LLmIQhZF4Bo+Coo9bkxbg/DyQwK3mZnlMvX4YyboPd7V5e0aqp1VT9UXRxa6CXW6PLGcB4Kw0ulk2jerfEp5cm32+cD56Kd9H8yj8YCtStAdW71lYeUxqNvT
[2013-05-21 18:34:20.339] retmsg: B000:정상:LXJyFYm+Z0j/RlEoWUUrxK1oPJbMWgKBtRMqUm76mh0rEXgxz57pzKgicgwfvVejhigXlt6Dbun5abaZE7TRoXazbYR+dH3ihR9FJ6iqQL5o4WEUOpJ/UNsfAF8+ChCDUvUnGHuYfm3HzJFbm7o9UA==
[2013-05-21 18:34:20.339] B000
[2013-05-21 18:34:20.339] 정상
[2013-05-21 18:34:20.339] LXJyFYm+Z0j/RlEoWUUrxK1oPJbMWgKBtRMqUm76mh0rEXgxz57pzKgicgwfvVejhigXlt6Dbun5abaZE7TRoXazbYR+dH3ihR9FJ6iqQL5o4WEUOpJ/UNsfAF8+ChCDUvUnGHuYfm3HzJFbm7o9UA==
[2013-05-21 18:34:20.339] # final ret code=0<br>
[2013-05-21 20:03:07.210] # OKNAME v3.63 start!<br>
[2013-05-21 20:03:07.210] # mode=SAFE_AUTH_POPUP<br>
[2013-05-21 20:03:07.210] # argv[ 1](hs_cert_svc_tx_seqno)=20130521200307<br>
[2013-05-21 20:03:07.210] # argv[ 2](nm)=x<br>
[2013-05-21 20:03:07.210] # argv[ 3](brdt)=x<br>
[2013-05-21 20:03:07.210] # argv[ 4](sex)=x<br>
[2013-05-21 20:03:07.210] # argv[ 5](ntv_frnr_tp_cd)=x<br>
[2013-05-21 20:03:07.210] # argv[ 6](var1)=x<br>
[2013-05-21 20:03:07.210] # argv[ 7](var2)=x<br>
[2013-05-21 20:03:07.210] # argv[ 8](var3)=0<br>
[2013-05-21 20:03:07.210] # argv[ 9](var4)=0<br>
[2013-05-21 20:03:07.210] # argv[10](var5)=0<br>
[2013-05-21 20:03:07.210] # argv[11](return_msg)=x<br>
[2013-05-21 20:03:07.210] # argv[12](return_url)=http://opencode.co.kr/plugin/kcb/safe_hs_cert3.php<br>
[2013-05-21 20:03:07.210] # argv[13](in_tp_bit)=0<br>
[2013-05-21 20:03:07.210] # argv[14](hs_cert_msr_cd)=10<br>
[2013-05-21 20:03:07.210] # argv[15](hs_cert_rqst_caus_cd)=02<br>
[2013-05-21 20:03:07.210] # argv[16](idcf_mbr_com_cd)=V01270000000<br>
[2013-05-21 20:03:07.210] # argv[17](client_ip)=x<br>
[2013-05-21 20:03:07.210] # argv[18](client_site_nm)=diorcafe.co.kr<br>
[2013-05-21 20:03:07.210] # argv[19](end_point_url)=http://tsafe.ok-name.co.kr:29080/KcbWebService/OkNameService<br>
[2013-05-21 20:03:07.210] # argv[20](log_path)=/home/opencode/public_html/data/kcb/real<br>
[2013-05-21 20:03:07.210] # argv[21](option)=QL<br>
[2013-05-21 20:03:07.210] # soap_timeout: 30000 ms<br>
[2013-05-21 20:03:07.230] # key   : AwGOt8sYqiwmxIyQMQ+wcXTiUCFwfg==:XMCBmnvEUBzxrROb97mpgw==<br>
[2013-05-21 20:03:07.230] # spkey : AwGOt8sYqiwmxIyQMQ+wcXTiUCFwfg==<br>
[2013-05-21 20:03:07.230] # ssig  : XMCBmnvEUBzxrROb97mpgw==<br>
[2013-05-21 20:03:07.232] # nm               : x    <br>
[2013-05-21 20:03:07.232] # brdt             : x    <br>
[2013-05-21 20:03:07.232] # e_nm             : SuxMErw=<br>
[2013-05-21 20:03:07.232] # e_brdt           : SuxMErw=<br>
[2013-05-21 20:03:07.232] # cpkey : AwRlXNneBjJLaTlO+P/diwP6y6FpJw==<br>
[2013-05-21 20:03:07.232] # csig  : VvZEIy0gIrjiDKDoyrbmDw==<br>
[2013-05-21 20:03:07.505] retmsg: cPxcAqa+xZh1ST1IRgPHfb4426+N/3nssUuT3O2OrCWKZ2tuN7p6O8Ic+3P70V1dPiv8pH7oXRxIKh11M3pl0ssYy8QVeokIJ8FFnTk+fboXilL2ebinBX1DgSoTbVTLp0l1D2Av69qm9+B3i55SPwUGURbFsESyEJ/ydZZsLSb7W1VkSuBjAIooBAr/dpHvZaAGLfH6rJKx21tv15Fv7CmC
[2013-05-21 20:03:07.505] retmsg: B000:정상:LXJyFYm+Z0j/RlEoWUUrxDrtY+Qa7HsP6X8BB73830M/LDPIYJIzai19uSItQo661FPNPxv32O/JuM78RCS73/RFdduQ8HkkvdaIQ91EjjgkhMHOqd6KQ3uexlY5z7UHet/DgHO5wQAiSRYF/7yTwQ==
[2013-05-21 20:03:07.505] B000
[2013-05-21 20:03:07.505] 정상
[2013-05-21 20:03:07.505] LXJyFYm+Z0j/RlEoWUUrxDrtY+Qa7HsP6X8BB73830M/LDPIYJIzai19uSItQo661FPNPxv32O/JuM78RCS73/RFdduQ8HkkvdaIQ91EjjgkhMHOqd6KQ3uexlY5z7UHet/DgHO5wQAiSRYF/7yTwQ==
[2013-05-21 20:03:07.505] # final ret code=0<br>
[2013-05-21 20:03:40.265] # OKNAME v3.63 start!<br>
[2013-05-21 20:03:40.265] # mode=SAFE_AUTH_POPUP<br>
[2013-05-21 20:03:40.265] # argv[ 1](hs_cert_svc_tx_seqno)=20130521200340<br>
[2013-05-21 20:03:40.265] # argv[ 2](nm)=x<br>
[2013-05-21 20:03:40.265] # argv[ 3](brdt)=x<br>
[2013-05-21 20:03:40.265] # argv[ 4](sex)=x<br>
[2013-05-21 20:03:40.265] # argv[ 5](ntv_frnr_tp_cd)=x<br>
[2013-05-21 20:03:40.265] # argv[ 6](var1)=x<br>
[2013-05-21 20:03:40.265] # argv[ 7](var2)=x<br>
[2013-05-21 20:03:40.265] # argv[ 8](var3)=0<br>
[2013-05-21 20:03:40.265] # argv[ 9](var4)=0<br>
[2013-05-21 20:03:40.265] # argv[10](var5)=0<br>
[2013-05-21 20:03:40.265] # argv[11](return_msg)=x<br>
[2013-05-21 20:03:40.265] # argv[12](return_url)=http://opencode.co.kr/plugin/kcb/safe_hs_cert3.php<br>
[2013-05-21 20:03:40.265] # argv[13](in_tp_bit)=0<br>
[2013-05-21 20:03:40.265] # argv[14](hs_cert_msr_cd)=10<br>
[2013-05-21 20:03:40.265] # argv[15](hs_cert_rqst_caus_cd)=02<br>
[2013-05-21 20:03:40.265] # argv[16](idcf_mbr_com_cd)=V01270000000<br>
[2013-05-21 20:03:40.265] # argv[17](client_ip)=x<br>
[2013-05-21 20:03:40.265] # argv[18](client_site_nm)=diorcafe.co.kr<br>
[2013-05-21 20:03:40.265] # argv[19](end_point_url)=http://tsafe.ok-name.co.kr:29080/KcbWebService/OkNameService<br>
[2013-05-21 20:03:40.265] # argv[20](log_path)=/home/opencode/public_html/data/kcb/real<br>
[2013-05-21 20:03:40.265] # argv[21](option)=QL<br>
[2013-05-21 20:03:40.266] # soap_timeout: 30000 ms<br>
[2013-05-21 20:03:40.287] # key   : AgNjNXSS+y5IwhACROgqApKxyCpy5g==:ydpFhfMOU5aybULCgWS+Zg==<br>
[2013-05-21 20:03:40.287] # spkey : AgNjNXSS+y5IwhACROgqApKxyCpy5g==<br>
[2013-05-21 20:03:40.287] # ssig  : ydpFhfMOU5aybULCgWS+Zg==<br>
[2013-05-21 20:03:40.289] # nm               : x    <br>
[2013-05-21 20:03:40.289] # brdt             : x    <br>
[2013-05-21 20:03:40.289] # e_nm             : pf7Opy0=<br>
[2013-05-21 20:03:40.289] # e_brdt           : pf7Opy0=<br>
[2013-05-21 20:03:40.289] # cpkey : AwH0ACBlW6f6cKxlAqLcjVwEx5Gf3w==<br>
[2013-05-21 20:03:40.289] # csig  : 5tXZ2Fzmy+5LNC0qKFp+ow==<br>
[2013-05-21 20:03:40.834] retmsg: n+7etzcrZMowqXqfM499r2AJAy4ATvKW5Q61roxpfixFRfeMWAL9wG+dH7fabypVicX6M/e42NtyvCIVRmBZnWoY8XeSkRPQvFCySvOK+2jEyQQ+NNmb1xdQUe2IP0+OUmp3m9LFR5P2Ya8Q5SYFYNtdbhnCeV6UggestUxCIQ+O01OAvCSQHD5QCZQ5H8BTW2Liw6Upn4uAG1+GmWy/r9pJ
[2013-05-21 20:03:40.834] retmsg: B000:정상:LXJyFYm+Z0j/RlEoWUUrxPQ8aUTRoXDDlsi5qhwzOJv+MT88KONL1wEq/TSLz5WBqKhBpSpfk+1PTJXVogt5nKYGXWweR0f2/y35n2qwyF5jaEDb74bDcMZ1qLNQ2SjdVJKg75gVxDqNVAR7Njzxeg==
[2013-05-21 20:03:40.834] B000
[2013-05-21 20:03:40.834] 정상
[2013-05-21 20:03:40.834] LXJyFYm+Z0j/RlEoWUUrxPQ8aUTRoXDDlsi5qhwzOJv+MT88KONL1wEq/TSLz5WBqKhBpSpfk+1PTJXVogt5nKYGXWweR0f2/y35n2qwyF5jaEDb74bDcMZ1qLNQ2SjdVJKg75gVxDqNVAR7Njzxeg==
[2013-05-21 20:03:40.834] # final ret code=0<br>
[2013-05-21 20:05:23.035] # OKNAME v3.63 start!<br>
[2013-05-21 20:05:23.035] # mode=SAFE_AUTH_POPUP<br>
[2013-05-21 20:05:23.035] # argv[ 1](hs_cert_svc_tx_seqno)=20130521200523<br>
[2013-05-21 20:05:23.035] # argv[ 2](nm)=x<br>
[2013-05-21 20:05:23.035] # argv[ 3](brdt)=x<br>
[2013-05-21 20:05:23.035] # argv[ 4](sex)=x<br>
[2013-05-21 20:05:23.035] # argv[ 5](ntv_frnr_tp_cd)=x<br>
[2013-05-21 20:05:23.035] # argv[ 6](var1)=x<br>
[2013-05-21 20:05:23.035] # argv[ 7](var2)=x<br>
[2013-05-21 20:05:23.035] # argv[ 8](var3)=0<br>
[2013-05-21 20:05:23.035] # argv[ 9](var4)=0<br>
[2013-05-21 20:05:23.035] # argv[10](var5)=0<br>
[2013-05-21 20:05:23.035] # argv[11](return_msg)=x<br>
[2013-05-21 20:05:23.035] # argv[12](return_url)=http://opencode.co.kr/plugin/kcb/safe_hs_cert3.php<br>
[2013-05-21 20:05:23.035] # argv[13](in_tp_bit)=0<br>
[2013-05-21 20:05:23.035] # argv[14](hs_cert_msr_cd)=10<br>
[2013-05-21 20:05:23.035] # argv[15](hs_cert_rqst_caus_cd)=02<br>
[2013-05-21 20:05:23.035] # argv[16](idcf_mbr_com_cd)=V01270000000<br>
[2013-05-21 20:05:23.035] # argv[17](client_ip)=x<br>
[2013-05-21 20:05:23.035] # argv[18](client_site_nm)=diorcafe.co.kr<br>
[2013-05-21 20:05:23.035] # argv[19](end_point_url)=http://tsafe.ok-name.co.kr:29080/KcbWebService/OkNameService<br>
[2013-05-21 20:05:23.035] # argv[20](log_path)=/home/opencode/public_html/data/kcb/real<br>
[2013-05-21 20:05:23.035] # argv[21](option)=QL<br>
[2013-05-21 20:05:23.035] # soap_timeout: 30000 ms<br>
[2013-05-21 20:05:23.054] # key   : AgE/T2UyaHHtztPpVq+IuzH3YcwXcA==:Ej2BplhYd1jzxUKRsB3Aww==<br>
[2013-05-21 20:05:23.054] # spkey : AgE/T2UyaHHtztPpVq+IuzH3YcwXcA==<br>
[2013-05-21 20:05:23.054] # ssig  : Ej2BplhYd1jzxUKRsB3Aww==<br>
[2013-05-21 20:05:23.056] # nm               : x    <br>
[2013-05-21 20:05:23.056] # brdt             : x    <br>
[2013-05-21 20:05:23.056] # e_nm             : hqDlGUo=<br>
[2013-05-21 20:05:23.056] # e_brdt           : hqDlGUo=<br>
[2013-05-21 20:05:23.056] # cpkey : AgYWdO9iYiQsmsNmC45ujOm9huFMRA==<br>
[2013-05-21 20:05:23.056] # csig  : fv/OZkBPAl8tE4lPqgq/uQ==<br>
[2013-05-21 20:05:23.272] retmsg: vLD1CVBXt23Sok9EfGf82DCr5SsTb9D1eGQN4+gCxMP4ML4UCe3uGVT5DVrtOOhPfXDmp9qPxattiXdze2rXaUybiBp2xeTaDsAB8smvbqvsr/j3nA5E2ngHvr/0ZH9lO3NngpWD4oNptcYItLCdh43/qhAJ/Ao7+q6kHROVO3BB6f9NlhghUnOSwWVaW5Mkm46/DCuiKK5IbkJ5Wrfcets3
[2013-05-21 20:05:23.272] retmsg: B000:정상:LXJyFYm+Z0j/RlEoWUUrxKMfoxyt9lQtbZPqewdPj3ffXfflAQZVPV7E15cldrN76qiks+0JenVnIHi1E1M2Mz5PsD+og14bYAMAE1Yk8k/QrLqz5NC7pB8B6ornDUCKW+DarYJa/fdeMNVsCZ4FaA==
[2013-05-21 20:05:23.272] B000
[2013-05-21 20:05:23.272] 정상
[2013-05-21 20:05:23.272] LXJyFYm+Z0j/RlEoWUUrxKMfoxyt9lQtbZPqewdPj3ffXfflAQZVPV7E15cldrN76qiks+0JenVnIHi1E1M2Mz5PsD+og14bYAMAE1Yk8k/QrLqz5NC7pB8B6ornDUCKW+DarYJa/fdeMNVsCZ4FaA==
[2013-05-21 20:05:23.272] # final ret code=0<br>
[2013-05-21 20:06:13.695] # OKNAME v3.63 start!<br>
[2013-05-21 20:06:13.696] # mode=SAFE_AUTH_POPUP<br>
[2013-05-21 20:06:13.696] # argv[ 1](hs_cert_svc_tx_seqno)=20130521200613<br>
[2013-05-21 20:06:13.696] # argv[ 2](nm)=x<br>
[2013-05-21 20:06:13.696] # argv[ 3](brdt)=x<br>
[2013-05-21 20:06:13.696] # argv[ 4](sex)=x<br>
[2013-05-21 20:06:13.696] # argv[ 5](ntv_frnr_tp_cd)=x<br>
[2013-05-21 20:06:13.696] # argv[ 6](var1)=x<br>
[2013-05-21 20:06:13.696] # argv[ 7](var2)=x<br>
[2013-05-21 20:06:13.696] # argv[ 8](var3)=0<br>
[2013-05-21 20:06:13.696] # argv[ 9](var4)=0<br>
[2013-05-21 20:06:13.696] # argv[10](var5)=0<br>
[2013-05-21 20:06:13.696] # argv[11](return_msg)=x<br>
[2013-05-21 20:06:13.696] # argv[12](return_url)=http://opencode.co.kr/plugin/kcb/safe_hs_cert3.php<br>
[2013-05-21 20:06:13.696] # argv[13](in_tp_bit)=0<br>
[2013-05-21 20:06:13.696] # argv[14](hs_cert_msr_cd)=10<br>
[2013-05-21 20:06:13.696] # argv[15](hs_cert_rqst_caus_cd)=02<br>
[2013-05-21 20:06:13.696] # argv[16](idcf_mbr_com_cd)=V01270000000<br>
[2013-05-21 20:06:13.696] # argv[17](client_ip)=x<br>
[2013-05-21 20:06:13.696] # argv[18](client_site_nm)=diorcafe.co.kr<br>
[2013-05-21 20:06:13.696] # argv[19](end_point_url)=http://tsafe.ok-name.co.kr:29080/KcbWebService/OkNameService<br>
[2013-05-21 20:06:13.696] # argv[20](log_path)=/home/opencode/public_html/data/kcb/real<br>
[2013-05-21 20:06:13.696] # argv[21](option)=QL<br>
[2013-05-21 20:06:13.696] # soap_timeout: 30000 ms<br>
[2013-05-21 20:06:13.734] # key   : AwL0F9l3IfZ+5tiutrssXPM7AeFveg==:WPHcMJxQI0JflD934D9H8g==<br>
[2013-05-21 20:06:13.734] # spkey : AwL0F9l3IfZ+5tiutrssXPM7AeFveg==<br>
[2013-05-21 20:06:13.734] # ssig  : WPHcMJxQI0JflD934D9H8g==<br>
[2013-05-21 20:06:13.736] # nm               : x    <br>
[2013-05-21 20:06:13.736] # brdt             : x    <br>
[2013-05-21 20:06:13.736] # e_nm             : I0ZbR+k=<br>
[2013-05-21 20:06:13.736] # e_brdt           : I0ZbR+k=<br>
[2013-05-21 20:06:13.736] # cpkey : AgHpGBENFP7+tK+A48lzObkuUGANbA==<br>
[2013-05-21 20:06:13.736] # csig  : e3VkoOeLWXFttilNHzFiDw==<br>
[2013-05-21 20:06:14.318] retmsg: GVZLV/NUb0n2UeIoQ/HjHWFLNzvQqNEP1lqT/wFZ45jObrtRYJSe0TKs/pmVihHSj0OaMExa4j2pekccdlUirNlEoIYdovqt7CWc9u+k7p0CkP/CFyhzTU0FoMZNFVLwa+oonF6Sebkv91UeU+6am5kv27L2Q1/QRjnQzDJ1gx9gRY40ReyRkEA8tbUBTRPAX31Xel8BDUhyirSqliE11Y6U
[2013-05-21 20:06:14.319] retmsg: B000:정상:LXJyFYm+Z0j/RlEoWUUrxNHrXQGL3HEg7XT1OqjYXyDebrucHnzcGZg6bU8B63WkhRt5PmB8WB8nN/VK5JqeG9ghwen6elZGceNBT2I/B9l+Nuzq/nUXW1iUodO3qXLqRDOJwSyVcPc8tQt3aUT6ig==
[2013-05-21 20:06:14.319] B000
[2013-05-21 20:06:14.319] 정상
[2013-05-21 20:06:14.319] LXJyFYm+Z0j/RlEoWUUrxNHrXQGL3HEg7XT1OqjYXyDebrucHnzcGZg6bU8B63WkhRt5PmB8WB8nN/VK5JqeG9ghwen6elZGceNBT2I/B9l+Nuzq/nUXW1iUodO3qXLqRDOJwSyVcPc8tQt3aUT6ig==
[2013-05-21 20:06:14.319] # final ret code=0<br>
[2013-05-21 20:07:32.472] # OKNAME v3.63 start!<br>
[2013-05-21 20:07:32.472] # mode=SAFE_AUTH_POPUP<br>
[2013-05-21 20:07:32.472] # argv[ 1](hs_cert_svc_tx_seqno)=20130521200732<br>
[2013-05-21 20:07:32.472] # argv[ 2](nm)=x<br>
[2013-05-21 20:07:32.472] # argv[ 3](brdt)=x<br>
[2013-05-21 20:07:32.472] # argv[ 4](sex)=x<br>
[2013-05-21 20:07:32.472] # argv[ 5](ntv_frnr_tp_cd)=x<br>
[2013-05-21 20:07:32.472] # argv[ 6](var1)=x<br>
[2013-05-21 20:07:32.472] # argv[ 7](var2)=x<br>
[2013-05-21 20:07:32.472] # argv[ 8](var3)=0<br>
[2013-05-21 20:07:32.472] # argv[ 9](var4)=0<br>
[2013-05-21 20:07:32.473] # argv[10](var5)=0<br>
[2013-05-21 20:07:32.473] # argv[11](return_msg)=x<br>
[2013-05-21 20:07:32.473] # argv[12](return_url)=http://opencode.co.kr/plugin/kcb/safe_hs_cert3.php<br>
[2013-05-21 20:07:32.473] # argv[13](in_tp_bit)=0<br>
[2013-05-21 20:07:32.473] # argv[14](hs_cert_msr_cd)=10<br>
[2013-05-21 20:07:32.473] # argv[15](hs_cert_rqst_caus_cd)=02<br>
[2013-05-21 20:07:32.473] # argv[16](idcf_mbr_com_cd)=V01270000000<br>
[2013-05-21 20:07:32.473] # argv[17](client_ip)=x<br>
[2013-05-21 20:07:32.473] # argv[18](client_site_nm)=diorcafe.co.kr<br>
[2013-05-21 20:07:32.473] # argv[19](end_point_url)=http://tsafe.ok-name.co.kr:29080/KcbWebService/OkNameService<br>
[2013-05-21 20:07:32.473] # argv[20](log_path)=/home/opencode/public_html/data/kcb/real<br>
[2013-05-21 20:07:32.473] # argv[21](option)=QL<br>
[2013-05-21 20:07:32.473] # soap_timeout: 30000 ms<br>
[2013-05-21 20:07:32.501] # key   : Awb4JQA2kBqMAaOZTgovyaaf106ylQ==:7VXcyV/tJJWpkDdflcybww==<br>
[2013-05-21 20:07:32.501] # spkey : Awb4JQA2kBqMAaOZTgovyaaf106ylQ==<br>
[2013-05-21 20:07:32.501] # ssig  : 7VXcyV/tJJWpkDdflcybww==<br>
[2013-05-21 20:07:32.502] # nm               : x    <br>
[2013-05-21 20:07:32.502] # brdt             : x    <br>
[2013-05-21 20:07:32.502] # e_nm             : wjbIZaA=<br>
[2013-05-21 20:07:32.502] # e_brdt           : wjbIZaA=<br>
[2013-05-21 20:07:32.502] # cpkey : AgTGxwe4lopGKnEn3zq3coBBssBi5w==<br>
[2013-05-21 20:07:32.502] # csig  : CmC7cHvxMBhUxyqtwOOsqQ==<br>
[2013-05-21 20:07:33.963] retmsg: +CbYdbqx7/PFWjTmAcCaZqwAgwXiFTLBTWQNqIE1LVRcUMz8/qUv3VM2whpjI30Eal5EXJef9/kBt+Eoc4TMqb71Uso9WMmAcy26hUoXwnkmoMqIhXSJA8lE7DTwiNxghJnK99x/pC9c61bhZegnknTWrc6xobLLgy09/HtDrlmXlBrVItbcGwcLbOEDMhxwYEDwNmDKHnOOw9GVh67Wj7+w
[2013-05-21 20:07:33.963] retmsg: B000:정상:LXJyFYm+Z0j/RlEoWUUrxCbznuO61s6NWYN+mhyWysOiKBx3gcgrj5N21W6IlgOmXkWwnsqytAvbCYKTQ7/VZlmUCEbnk74lkS2fQauqUtRTkbvpn/Qw3xbYpuLYLWb2UiTwXGq4npULx26L/HYBbw==
[2013-05-21 20:07:33.963] B000
[2013-05-21 20:07:33.963] 정상
[2013-05-21 20:07:33.963] LXJyFYm+Z0j/RlEoWUUrxCbznuO61s6NWYN+mhyWysOiKBx3gcgrj5N21W6IlgOmXkWwnsqytAvbCYKTQ7/VZlmUCEbnk74lkS2fQauqUtRTkbvpn/Qw3xbYpuLYLWb2UiTwXGq4npULx26L/HYBbw==
[2013-05-21 20:07:33.963] # final ret code=0<br>
[2013-05-21 20:07:59.051] # OKNAME v3.63 start!<br>
[2013-05-21 20:07:59.051] # mode=SAFE_AUTH_POPUP<br>
[2013-05-21 20:07:59.051] # argv[ 1](hs_cert_svc_tx_seqno)=20130521200759<br>
[2013-05-21 20:07:59.051] # argv[ 2](nm)=x<br>
[2013-05-21 20:07:59.051] # argv[ 3](brdt)=x<br>
[2013-05-21 20:07:59.051] # argv[ 4](sex)=x<br>
[2013-05-21 20:07:59.051] # argv[ 5](ntv_frnr_tp_cd)=x<br>
[2013-05-21 20:07:59.051] # argv[ 6](var1)=x<br>
[2013-05-21 20:07:59.051] # argv[ 7](var2)=x<br>
[2013-05-21 20:07:59.051] # argv[ 8](var3)=0<br>
[2013-05-21 20:07:59.051] # argv[ 9](var4)=0<br>
[2013-05-21 20:07:59.051] # argv[10](var5)=0<br>
[2013-05-21 20:07:59.051] # argv[11](return_msg)=x<br>
[2013-05-21 20:07:59.051] # argv[12](return_url)=http://opencode.co.kr/plugin/kcb/safe_hs_cert3.php<br>
[2013-05-21 20:07:59.051] # argv[13](in_tp_bit)=0<br>
[2013-05-21 20:07:59.051] # argv[14](hs_cert_msr_cd)=10<br>
[2013-05-21 20:07:59.051] # argv[15](hs_cert_rqst_caus_cd)=02<br>
[2013-05-21 20:07:59.051] # argv[16](idcf_mbr_com_cd)=V01270000000<br>
[2013-05-21 20:07:59.051] # argv[17](client_ip)=x<br>
[2013-05-21 20:07:59.051] # argv[18](client_site_nm)=diorcafe.co.kr<br>
[2013-05-21 20:07:59.051] # argv[19](end_point_url)=http://tsafe.ok-name.co.kr:29080/KcbWebService/OkNameService<br>
[2013-05-21 20:07:59.051] # argv[20](log_path)=/home/opencode/public_html/data/kcb/real<br>
[2013-05-21 20:07:59.051] # argv[21](option)=QL<br>
[2013-05-21 20:07:59.051] # soap_timeout: 30000 ms<br>
[2013-05-21 20:07:59.072] # key   : AwUlHgLeBsb16RgyiPdkfrWJzwHOdw==:KBAvyMyWsITwVejPWtX6cw==<br>
[2013-05-21 20:07:59.072] # spkey : AwUlHgLeBsb16RgyiPdkfrWJzwHOdw==<br>
[2013-05-21 20:07:59.072] # ssig  : KBAvyMyWsITwVejPWtX6cw==<br>
[2013-05-21 20:07:59.073] # nm               : x    <br>
[2013-05-21 20:07:59.073] # brdt             : x    <br>
[2013-05-21 20:07:59.073] # e_nm             : Iqic88w=<br>
[2013-05-21 20:07:59.073] # e_brdt           : Iqic88w=<br>
[2013-05-21 20:07:59.073] # cpkey : AgX/PKT6hV21I+Puz3brS44jkG+F/g==<br>
[2013-05-21 20:07:59.073] # csig  : sPEzn0fWpepkBiz6DYid5w==<br>
[2013-05-21 20:08:00.717] retmsg: GLiM49YxL3CFgk1jbwZsIgYrfsrjgdWeoPvR8hroyuYJzRMBCD+bKgTNOiqAIe9fz6wMrDFC2o1pNDueoE3w4nZoKUfRE/xoBjw1qHbwzvMt2vCohyzlY57hvZF2ntE++4KWHIEsZ2ntLCBK18sqEeIiKChtXsxg8SyWROU1dQAjlVWIqOpHJN/Ye/3HveDzBexbe8kUIRQ3/JZIBDu8g0mJ
[2013-05-21 20:08:00.717] retmsg: B000:정상:LXJyFYm+Z0j/RlEoWUUrxGlNVFPLg7LiE5SbMMRhSTAdGtl/kx1GxP0LPD5XGArNSBNwIeWU0eFv1goa1EX5BtdWb+tkyeXyBPlLwVtGnK9dR6y7T0mtA/Grn41TvbKOjV3Vm9BuIU0Hq9/OgREz+w==
[2013-05-21 20:08:00.717] B000
[2013-05-21 20:08:00.717] 정상
[2013-05-21 20:08:00.717] LXJyFYm+Z0j/RlEoWUUrxGlNVFPLg7LiE5SbMMRhSTAdGtl/kx1GxP0LPD5XGArNSBNwIeWU0eFv1goa1EX5BtdWb+tkyeXyBPlLwVtGnK9dR6y7T0mtA/Grn41TvbKOjV3Vm9BuIU0Hq9/OgREz+w==
[2013-05-21 20:08:00.717] # final ret code=0<br>
[2013-05-21 20:11:24.635] # OKNAME v3.63 start!<br>
[2013-05-21 20:11:24.635] # mode=SAFE_AUTH_POPUP<br>
[2013-05-21 20:11:24.635] # argv[ 1](hs_cert_svc_tx_seqno)=20130521201124<br>
[2013-05-21 20:11:24.635] # argv[ 2](nm)=x<br>
[2013-05-21 20:11:24.635] # argv[ 3](brdt)=x<br>
[2013-05-21 20:11:24.635] # argv[ 4](sex)=x<br>
[2013-05-21 20:11:24.635] # argv[ 5](ntv_frnr_tp_cd)=x<br>
[2013-05-21 20:11:24.635] # argv[ 6](var1)=x<br>
[2013-05-21 20:11:24.635] # argv[ 7](var2)=x<br>
[2013-05-21 20:11:24.636] # argv[ 8](var3)=0<br>
[2013-05-21 20:11:24.636] # argv[ 9](var4)=0<br>
[2013-05-21 20:11:24.636] # argv[10](var5)=0<br>
[2013-05-21 20:11:24.636] # argv[11](return_msg)=x<br>
[2013-05-21 20:11:24.636] # argv[12](return_url)=http://opencode.co.kr/plugin/kcb/safe_hs_cert3.php<br>
[2013-05-21 20:11:24.636] # argv[13](in_tp_bit)=0<br>
[2013-05-21 20:11:24.636] # argv[14](hs_cert_msr_cd)=10<br>
[2013-05-21 20:11:24.636] # argv[15](hs_cert_rqst_caus_cd)=02<br>
[2013-05-21 20:11:24.636] # argv[16](idcf_mbr_com_cd)=V01270000000<br>
[2013-05-21 20:11:24.636] # argv[17](client_ip)=x<br>
[2013-05-21 20:11:24.636] # argv[18](client_site_nm)=diorcafe.co.kr<br>
[2013-05-21 20:11:24.636] # argv[19](end_point_url)=http://tsafe.ok-name.co.kr:29080/KcbWebService/OkNameService<br>
[2013-05-21 20:11:24.636] # argv[20](log_path)=/home/opencode/public_html/data/kcb/real<br>
[2013-05-21 20:11:24.636] # argv[21](option)=QL<br>
[2013-05-21 20:11:24.636] # soap_timeout: 30000 ms<br>
[2013-05-21 20:11:24.678] # key   : AgcHIQExtEvtieipC6IjFq7NfJD99A==:O0DHapDUOT0iUzCcFxIOmg==<br>
[2013-05-21 20:11:24.678] # spkey : AgcHIQExtEvtieipC6IjFq7NfJD99A==<br>
[2013-05-21 20:11:24.678] # ssig  : O0DHapDUOT0iUzCcFxIOmg==<br>
[2013-05-21 20:11:24.679] # nm               : x    <br>
[2013-05-21 20:11:24.679] # brdt             : x    <br>
[2013-05-21 20:11:24.679] # e_nm             : 2sheigw=<br>
[2013-05-21 20:11:24.679] # e_brdt           : 2sheigw=<br>
[2013-05-21 20:11:24.679] # cpkey : AgVTug7mJlEHVByTmRAOMGll2tKlsw==<br>
[2013-05-21 20:11:24.679] # csig  : s6v97MGrteKn2fzaJ8rm5Q==<br>
[2013-05-21 20:11:25.011] retmsg: 4NhOmhacbaq4+qai4b0dRsnmqk+UF1jmbX9qUAKAijDxcCXLuvTLlf4lkr3wMsfJusAVBxhPT6suS4+1PYt3uFeJSwQNiO89OFGIOZXrVYtz/4DQSXwMgsfk6x+aGGfxdBgwPyNBgxL2OMvXS9XqaCtHMHSursyFA1131zzj6EICEErexKcwqMQlJZq54GFK4R9+UcGELSOJKfv+RULb/wm0
[2013-05-21 20:11:25.011] retmsg: B000:정상:LXJyFYm+Z0j/RlEoWUUrxALDfxrJjKt2tRsChIJD8/OQH1XqYdeMtMZ1Dyg99p8WP55yK6uZRL2Mhk0aoKR7tlRzVuHvWRWzdied9bLiKPmGb72IhEriyVcj+5BQB1M+oYFjeYeL53qpjVeO+iTSsg==
[2013-05-21 20:11:25.011] B000
[2013-05-21 20:11:25.011] 정상
[2013-05-21 20:11:25.011] LXJyFYm+Z0j/RlEoWUUrxALDfxrJjKt2tRsChIJD8/OQH1XqYdeMtMZ1Dyg99p8WP55yK6uZRL2Mhk0aoKR7tlRzVuHvWRWzdied9bLiKPmGb72IhEriyVcj+5BQB1M+oYFjeYeL53qpjVeO+iTSsg==
[2013-05-21 20:11:25.011] # final ret code=0<br>
[2013-05-21 20:12:33.562] # OKNAME v3.63 start!<br>
[2013-05-21 20:12:33.562] # mode=SAFE_AUTH_POPUP<br>
[2013-05-21 20:12:33.563] # argv[ 1](hs_cert_svc_tx_seqno)=20130521201233<br>
[2013-05-21 20:12:33.563] # argv[ 2](nm)=x<br>
[2013-05-21 20:12:33.563] # argv[ 3](brdt)=x<br>
[2013-05-21 20:12:33.563] # argv[ 4](sex)=x<br>
[2013-05-21 20:12:33.563] # argv[ 5](ntv_frnr_tp_cd)=x<br>
[2013-05-21 20:12:33.563] # argv[ 6](var1)=x<br>
[2013-05-21 20:12:33.563] # argv[ 7](var2)=x<br>
[2013-05-21 20:12:33.563] # argv[ 8](var3)=0<br>
[2013-05-21 20:12:33.563] # argv[ 9](var4)=0<br>
[2013-05-21 20:12:33.563] # argv[10](var5)=0<br>
[2013-05-21 20:12:33.563] # argv[11](return_msg)=x<br>
[2013-05-21 20:12:33.563] # argv[12](return_url)=http://opencode.co.kr/plugin/kcb/safe_hs_cert3.php<br>
[2013-05-21 20:12:33.563] # argv[13](in_tp_bit)=0<br>
[2013-05-21 20:12:33.563] # argv[14](hs_cert_msr_cd)=10<br>
[2013-05-21 20:12:33.563] # argv[15](hs_cert_rqst_caus_cd)=02<br>
[2013-05-21 20:12:33.563] # argv[16](idcf_mbr_com_cd)=V01270000000<br>
[2013-05-21 20:12:33.563] # argv[17](client_ip)=x<br>
[2013-05-21 20:12:33.563] # argv[18](client_site_nm)=diorcafe.co.kr<br>
[2013-05-21 20:12:33.563] # argv[19](end_point_url)=http://tsafe.ok-name.co.kr:29080/KcbWebService/OkNameService<br>
[2013-05-21 20:12:33.563] # argv[20](log_path)=/home/opencode/public_html/data/kcb/real<br>
[2013-05-21 20:12:33.563] # argv[21](option)=QL<br>
[2013-05-21 20:12:33.563] # soap_timeout: 30000 ms<br>
[2013-05-21 20:12:33.584] # key   : AwRdpchd429E1FquOnpe4cQoBBNxOg==:Ct9g5bLbYq8VAVZ80uamlg==<br>
[2013-05-21 20:12:33.584] # spkey : AwRdpchd429E1FquOnpe4cQoBBNxOg==<br>
[2013-05-21 20:12:33.584] # ssig  : Ct9g5bLbYq8VAVZ80uamlg==<br>
[2013-05-21 20:12:33.586] # nm               : x    <br>
[2013-05-21 20:12:33.586] # brdt             : x    <br>
[2013-05-21 20:12:33.586] # e_nm             : YXb1TzM=<br>
[2013-05-21 20:12:33.586] # e_brdt           : YXb1TzM=<br>
[2013-05-21 20:12:33.586] # cpkey : AwHmkanDNQZi3hhxjTgODhOJTJhiCQ==<br>
[2013-05-21 20:12:33.586] # csig  : O90Y7jbc4YGttWLDSGSGTw==<br>
[2013-05-21 20:12:33.812] retmsg: W2blXykA8zI/cliXK1EaiCFwONmbatewKKzf5d7wqdTYcNvekjhDrSYIIfTLk2oUEw4Tk74/Pcyq2Vv7bahSyDdLugKl/zwU8010VhJoNCo+jgLCqQRbL87nAA8W22hOJFx6f8fbYTm3hYVnfRVEcc2isl6ksDWaj/Esd1KzSJDTA2ruT1CVymRJfTuskTyjx46z29s7BRapn+UvcECh3S82
[2013-05-21 20:12:33.812] retmsg: B000:정상:LXJyFYm+Z0j/RlEoWUUrxL0Vlwj27ob4Qeg4Fsz0jXreUBcLVBWc3eY6CyM20E4AInrGSvcB9PZ+GgJVDWLpogEnVhrzabj4RqlG8bJpsgwH0ibxk9bKACDUekzasydJ8vEx8vJlUzhEjfUBXbqEoQ==
[2013-05-21 20:12:33.812] B000
[2013-05-21 20:12:33.812] 정상
[2013-05-21 20:12:33.813] LXJyFYm+Z0j/RlEoWUUrxL0Vlwj27ob4Qeg4Fsz0jXreUBcLVBWc3eY6CyM20E4AInrGSvcB9PZ+GgJVDWLpogEnVhrzabj4RqlG8bJpsgwH0ibxk9bKACDUekzasydJ8vEx8vJlUzhEjfUBXbqEoQ==
[2013-05-21 20:12:33.813] # final ret code=0<br>
[2013-05-21 20:13:25.469] # OKNAME v3.63 start!<br>
[2013-05-21 20:13:25.469] # mode=SAFE_AUTH_POPUP<br>
[2013-05-21 20:13:25.469] # argv[ 1](hs_cert_svc_tx_seqno)=20130521201325<br>
[2013-05-21 20:13:25.469] # argv[ 2](nm)=x<br>
[2013-05-21 20:13:25.469] # argv[ 3](brdt)=x<br>
[2013-05-21 20:13:25.469] # argv[ 4](sex)=x<br>
[2013-05-21 20:13:25.469] # argv[ 5](ntv_frnr_tp_cd)=x<br>
[2013-05-21 20:13:25.469] # argv[ 6](var1)=x<br>
[2013-05-21 20:13:25.469] # argv[ 7](var2)=x<br>
[2013-05-21 20:13:25.469] # argv[ 8](var3)=0<br>
[2013-05-21 20:13:25.469] # argv[ 9](var4)=0<br>
[2013-05-21 20:13:25.469] # argv[10](var5)=0<br>
[2013-05-21 20:13:25.469] # argv[11](return_msg)=x<br>
[2013-05-21 20:13:25.469] # argv[12](return_url)=http://opencode.co.kr/plugin/kcb/safe_hs_cert3.php<br>
[2013-05-21 20:13:25.469] # argv[13](in_tp_bit)=0<br>
[2013-05-21 20:13:25.469] # argv[14](hs_cert_msr_cd)=10<br>
[2013-05-21 20:13:25.469] # argv[15](hs_cert_rqst_caus_cd)=02<br>
[2013-05-21 20:13:25.469] # argv[16](idcf_mbr_com_cd)=V01270000000<br>
[2013-05-21 20:13:25.469] # argv[17](client_ip)=x<br>
[2013-05-21 20:13:25.469] # argv[18](client_site_nm)=diorcafe.co.kr<br>
[2013-05-21 20:13:25.469] # argv[19](end_point_url)=http://tsafe.ok-name.co.kr:29080/KcbWebService/OkNameService<br>
[2013-05-21 20:13:25.469] # argv[20](log_path)=/home/opencode/public_html/data/kcb/real<br>
[2013-05-21 20:13:25.469] # argv[21](option)=QL<br>
[2013-05-21 20:13:25.469] # soap_timeout: 30000 ms<br>
[2013-05-21 20:13:25.511] # key   : AgLHFOp1WBNIFrMY6W32A96zSRADRg==:3E71cMbMH+HSjoI5f1S1Hw==<br>
[2013-05-21 20:13:25.511] # spkey : AgLHFOp1WBNIFrMY6W32A96zSRADRg==<br>
[2013-05-21 20:13:25.511] # ssig  : 3E71cMbMH+HSjoI5f1S1Hw==<br>
[2013-05-21 20:13:25.513] # nm               : x    <br>
[2013-05-21 20:13:25.513] # brdt             : x    <br>
[2013-05-21 20:13:25.513] # e_nm             : QE6VEPo=<br>
[2013-05-21 20:13:25.513] # e_brdt           : QE6VEPo=<br>
[2013-05-21 20:13:25.513] # cpkey : AgCup1Fuy66AoY/Z/ielvDvTD4seKg==<br>
[2013-05-21 20:13:25.513] # csig  : bRE87eZimNe4znW/Rh6qog==<br>
[2013-05-21 20:13:26.090] retmsg: el6FAOChWotBlB7hp3N9JxnetEYxQay5diqSK9hDjdFcEBOvOiXdiEyhm1FDcJgXvb4SOy/33LoFPP1fDwl7ZjV0cPlB4IOQGzZYAJvQeVojQwiJBBG+q9bbeCClp51SNUrIYOWCr2EehR98gVMd/fUyOyUI+xEzl5XMj1wUw0FqqJyhpFB14998rfo4dhrk34GictiW+h4z/sqhiJdysoTp
[2013-05-21 20:13:26.090] retmsg: B000:정상:LXJyFYm+Z0j/RlEoWUUrxNyaWPMZOyGjHO5isviafSQzpHNkuWZ0hjQcHNotCn09BntjXjWUVFGI1aYgx+enl+oDxzaXmo4F5M4CR7DDn0UwOVVPWFCxTCxzMElDgUw2BQAosz6AvncZzB8i3U2k7A==
[2013-05-21 20:13:26.090] B000
[2013-05-21 20:13:26.090] 정상
[2013-05-21 20:13:26.090] LXJyFYm+Z0j/RlEoWUUrxNyaWPMZOyGjHO5isviafSQzpHNkuWZ0hjQcHNotCn09BntjXjWUVFGI1aYgx+enl+oDxzaXmo4F5M4CR7DDn0UwOVVPWFCxTCxzMElDgUw2BQAosz6AvncZzB8i3U2k7A==
[2013-05-21 20:13:26.090] # final ret code=0<br>
[2013-05-21 20:15:21.319] # OKNAME v3.63 start!<br>
[2013-05-21 20:15:21.319] # mode=SAFE_AUTH_POPUP<br>
[2013-05-21 20:15:21.320] # argv[ 1](hs_cert_svc_tx_seqno)=20130521201521<br>
[2013-05-21 20:15:21.320] # argv[ 2](nm)=x<br>
[2013-05-21 20:15:21.320] # argv[ 3](brdt)=x<br>
[2013-05-21 20:15:21.320] # argv[ 4](sex)=x<br>
[2013-05-21 20:15:21.320] # argv[ 5](ntv_frnr_tp_cd)=x<br>
[2013-05-21 20:15:21.320] # argv[ 6](var1)=x<br>
[2013-05-21 20:15:21.320] # argv[ 7](var2)=x<br>
[2013-05-21 20:15:21.320] # argv[ 8](var3)=0<br>
[2013-05-21 20:15:21.320] # argv[ 9](var4)=0<br>
[2013-05-21 20:15:21.320] # argv[10](var5)=0<br>
[2013-05-21 20:15:21.320] # argv[11](return_msg)=x<br>
[2013-05-21 20:15:21.320] # argv[12](return_url)=http://opencode.co.kr/plugin/kcb/safe_hs_cert3.php<br>
[2013-05-21 20:15:21.320] # argv[13](in_tp_bit)=0<br>
[2013-05-21 20:15:21.320] # argv[14](hs_cert_msr_cd)=10<br>
[2013-05-21 20:15:21.320] # argv[15](hs_cert_rqst_caus_cd)=02<br>
[2013-05-21 20:15:21.320] # argv[16](idcf_mbr_com_cd)=V01270000000<br>
[2013-05-21 20:15:21.320] # argv[17](client_ip)=x<br>
[2013-05-21 20:15:21.320] # argv[18](client_site_nm)=diorcafe.co.kr<br>
[2013-05-21 20:15:21.320] # argv[19](end_point_url)=http://tsafe.ok-name.co.kr:29080/KcbWebService/OkNameService<br>
[2013-05-21 20:15:21.320] # argv[20](log_path)=/home/opencode/public_html/data/kcb/real<br>
[2013-05-21 20:15:21.320] # argv[21](option)=QL<br>
[2013-05-21 20:15:21.320] # soap_timeout: 30000 ms<br>
[2013-05-21 20:15:21.430] # key   : AwMKouq4NRwH27RC73lZsVsmbApMGw==:Wnx/VTg51frPauCWHXkc8w==<br>
[2013-05-21 20:15:21.430] # spkey : AwMKouq4NRwH27RC73lZsVsmbApMGw==<br>
[2013-05-21 20:15:21.430] # ssig  : Wnx/VTg51frPauCWHXkc8w==<br>
[2013-05-21 20:15:21.431] # nm               : x    <br>
[2013-05-21 20:15:21.431] # brdt             : x    <br>
[2013-05-21 20:15:21.431] # e_nm             : E8p35hs=<br>
[2013-05-21 20:15:21.431] # e_brdt           : E8p35hs=<br>
[2013-05-21 20:15:21.431] # cpkey : AwS9H51bEN/+KCSYqVyCma0i91Szog==<br>
[2013-05-21 20:15:21.431] # csig  : 1Qa4R7SzQgoIkBLNJHLWmQ==<br>
[2013-05-21 20:15:21.906] retmsg: Kdpn9gFhQe5iQrwFOjZQZ+a4Lm+YtTA68ErsofOfsCl8T9URIaHmTEO2jhx5EDaDTDdwPGdzmDSYyITzAikPk0J7t78ymPbKTE8YFBSAcf4n4NOc290m6OcmbhSbHIov19NTHNlD0S3DOOgjWGKmILQk5L8tlMuEd58e/ykJBJOiZayjWgnUmywwum1cXu6Y4vx6LqOhHrlFPn5l8n6Zp0/3
[2013-05-21 20:15:21.906] retmsg: B000:정상:LXJyFYm+Z0j/RlEoWUUrxLe8QjfLH856MfTQ0+xmJZ/xNoRE9nztW35I+cR4tME3QX6tbvEi7oifNeFSrxI3PdQhZQVBwnpaCU2o420j7vv5f/gwHZMVuMrYz1eKkj6GahJWhgW3fbSQgZpRHLALjw==
[2013-05-21 20:15:21.906] B000
[2013-05-21 20:15:21.906] 정상
[2013-05-21 20:15:21.906] LXJyFYm+Z0j/RlEoWUUrxLe8QjfLH856MfTQ0+xmJZ/xNoRE9nztW35I+cR4tME3QX6tbvEi7oifNeFSrxI3PdQhZQVBwnpaCU2o420j7vv5f/gwHZMVuMrYz1eKkj6GahJWhgW3fbSQgZpRHLALjw==
[2013-05-21 20:15:21.906] # final ret code=0<br>
[2013-05-21 20:16:32.020] # OKNAME v3.63 start!<br>
[2013-05-21 20:16:32.020] # mode=SAFE_AUTH_POPUP<br>
[2013-05-21 20:16:32.020] # argv[ 1](hs_cert_svc_tx_seqno)=20130521201632<br>
[2013-05-21 20:16:32.020] # argv[ 2](nm)=x<br>
[2013-05-21 20:16:32.020] # argv[ 3](brdt)=x<br>
[2013-05-21 20:16:32.020] # argv[ 4](sex)=x<br>
[2013-05-21 20:16:32.020] # argv[ 5](ntv_frnr_tp_cd)=x<br>
[2013-05-21 20:16:32.020] # argv[ 6](var1)=x<br>
[2013-05-21 20:16:32.020] # argv[ 7](var2)=x<br>
[2013-05-21 20:16:32.020] # argv[ 8](var3)=0<br>
[2013-05-21 20:16:32.020] # argv[ 9](var4)=0<br>
[2013-05-21 20:16:32.020] # argv[10](var5)=0<br>
[2013-05-21 20:16:32.020] # argv[11](return_msg)=x<br>
[2013-05-21 20:16:32.020] # argv[12](return_url)=http://opencode.co.kr/plugin/kcb/safe_hs_cert3.php<br>
[2013-05-21 20:16:32.020] # argv[13](in_tp_bit)=0<br>
[2013-05-21 20:16:32.020] # argv[14](hs_cert_msr_cd)=10<br>
[2013-05-21 20:16:32.020] # argv[15](hs_cert_rqst_caus_cd)=02<br>
[2013-05-21 20:16:32.020] # argv[16](idcf_mbr_com_cd)=V01270000000<br>
[2013-05-21 20:16:32.020] # argv[17](client_ip)=x<br>
[2013-05-21 20:16:32.020] # argv[18](client_site_nm)=diorcafe.co.kr<br>
[2013-05-21 20:16:32.020] # argv[19](end_point_url)=http://tsafe.ok-name.co.kr:29080/KcbWebService/OkNameService<br>
[2013-05-21 20:16:32.020] # argv[20](log_path)=/home/opencode/public_html/data/kcb/real<br>
[2013-05-21 20:16:32.020] # argv[21](option)=QL<br>
[2013-05-21 20:16:32.020] # soap_timeout: 30000 ms<br>
[2013-05-21 20:16:32.050] # key   : AwVyfzcWfpNhUDJTQ6yO4l6IX93oRQ==:WxDERSAzw/D7dG4V53XOCg==<br>
[2013-05-21 20:16:32.050] # spkey : AwVyfzcWfpNhUDJTQ6yO4l6IX93oRQ==<br>
[2013-05-21 20:16:32.050] # ssig  : WxDERSAzw/D7dG4V53XOCg==<br>
[2013-05-21 20:16:32.051] # nm               : x    <br>
[2013-05-21 20:16:32.051] # brdt             : x    <br>
[2013-05-21 20:16:32.051] # e_nm             : Y43XeHc=<br>
[2013-05-21 20:16:32.051] # e_brdt           : Y43XeHc=<br>
[2013-05-21 20:16:32.051] # cpkey : AgU5zSZ1D9WSrBt8vQaqJKKwCk+aHg==<br>
[2013-05-21 20:16:32.052] # csig  : mswJKjuxtCKwRNC0Hi95FQ==<br>
[2013-05-21 20:16:32.488] retmsg: WZ3HaG19In4ZcdCJfIQb3NQojfbD+Z2Bj/JI0b7I/GfJxoSqFviEKrb+fdki4+UAy5nwGsC7TBSAfjfXclfgX6ktsT9dI16jBDuMuliPVk0fnIA/4SwSSHn9aqc7v4eFMyKWLjdzHdf4NZBdzj41AH8YaNzpINemsv3xCTyney1Him9I0JC2mOrfhpP3qJ4h/dyZIPb914ut240tR1vBRONG
[2013-05-21 20:16:32.488] retmsg: B000:정상:LXJyFYm+Z0j/RlEoWUUrxOtq3zxvmArtqHR6jix91hPaeBHjQgjKux/dwy94gTQ8JP50510fa3TFuFNS9pgOzbuwfYWLZ8bqPzfYdumZQc2/s6koUGIzGK8/6au/k64ZDe54UXPvQXQS29zeMjXc0w==
[2013-05-21 20:16:32.488] B000
[2013-05-21 20:16:32.488] 정상
[2013-05-21 20:16:32.488] LXJyFYm+Z0j/RlEoWUUrxOtq3zxvmArtqHR6jix91hPaeBHjQgjKux/dwy94gTQ8JP50510fa3TFuFNS9pgOzbuwfYWLZ8bqPzfYdumZQc2/s6koUGIzGK8/6au/k64ZDe54UXPvQXQS29zeMjXc0w==
[2013-05-21 20:16:32.488] # final ret code=0<br>
[2013-05-21 20:23:17.700] # OKNAME v3.63 start!<br>
[2013-05-21 20:23:17.700] # mode=SAFE_AUTH_POPUP<br>
[2013-05-21 20:23:17.700] # argv[ 1](hs_cert_svc_tx_seqno)=20130521202317<br>
[2013-05-21 20:23:17.700] # argv[ 2](nm)=x<br>
[2013-05-21 20:23:17.700] # argv[ 3](brdt)=x<br>
[2013-05-21 20:23:17.700] # argv[ 4](sex)=x<br>
[2013-05-21 20:23:17.701] # argv[ 5](ntv_frnr_tp_cd)=x<br>
[2013-05-21 20:23:17.701] # argv[ 6](var1)=x<br>
[2013-05-21 20:23:17.701] # argv[ 7](var2)=x<br>
[2013-05-21 20:23:17.701] # argv[ 8](var3)=0<br>
[2013-05-21 20:23:17.701] # argv[ 9](var4)=0<br>
[2013-05-21 20:23:17.701] # argv[10](var5)=0<br>
[2013-05-21 20:23:17.701] # argv[11](return_msg)=x<br>
[2013-05-21 20:23:17.701] # argv[12](return_url)=http://opencode.co.kr/plugin/kcb/safe_hs_cert3.php<br>
[2013-05-21 20:23:17.701] # argv[13](in_tp_bit)=0<br>
[2013-05-21 20:23:17.701] # argv[14](hs_cert_msr_cd)=10<br>
[2013-05-21 20:23:17.701] # argv[15](hs_cert_rqst_caus_cd)=02<br>
[2013-05-21 20:23:17.701] # argv[16](idcf_mbr_com_cd)=V01270000000<br>
[2013-05-21 20:23:17.701] # argv[17](client_ip)=x<br>
[2013-05-21 20:23:17.701] # argv[18](client_site_nm)=diorcafe.co.kr<br>
[2013-05-21 20:23:17.701] # argv[19](end_point_url)=http://tsafe.ok-name.co.kr:29080/KcbWebService/OkNameService<br>
[2013-05-21 20:23:17.701] # argv[20](log_path)=/home/opencode/public_html/data/kcb/real<br>
[2013-05-21 20:23:17.701] # argv[21](option)=QL<br>
[2013-05-21 20:23:17.701] # soap_timeout: 30000 ms<br>
[2013-05-21 20:23:17.717] # key   : AwP+Nin9a1cP+b1U0oWVGwYcU9XzTw==:G4ghtRiboolmpOX5aPDp1w==<br>
[2013-05-21 20:23:17.717] # spkey : AwP+Nin9a1cP+b1U0oWVGwYcU9XzTw==<br>
[2013-05-21 20:23:17.717] # ssig  : G4ghtRiboolmpOX5aPDp1w==<br>
[2013-05-21 20:23:17.718] # nm               : x    <br>
[2013-05-21 20:23:17.718] # brdt             : x    <br>
[2013-05-21 20:23:17.718] # e_nm             : kkKbhPU=<br>
[2013-05-21 20:23:17.718] # e_brdt           : kkKbhPU=<br>
[2013-05-21 20:23:17.718] # cpkey : AgfeX+u+SUKa6mMhk5xeC2A+RlB3iQ==<br>
[2013-05-21 20:23:17.719] # csig  : r14oN30ubjasWLKaLgSQ7g==<br>
[2013-05-21 20:23:20.166] retmsg: qFKLlO+hvv5t75XABma7JDQIioRXLtiP3g0GoA0NyF/eYViR2VHIHoryz67OJrDi0znJRWmLBs1uTgfFIeZz8mAcRa+fw3DabIqsEsrrf/bLyEmQ3TEKBG11ewUesR8OEisxH6XUShCRfqlruHndVKv71gPeam1yFjAfvYtB0b7ph45ogAtZSTnPlbkGamkNhB7Lv9xSMb4KgRof5q/QE9D5
[2013-05-21 20:23:20.166] retmsg: B000:정상:LXJyFYm+Z0j/RlEoWUUrxAC8Yldj+xisJ5tO0AYcNxeng1YDbvgpUiqmFqZBJkaXdEg/1D+aotET9MWtzt/s+Zu5J2kGFLtXv97VJJwCD5wWq6wiOOQJoc92a6nQ1Nv7JSFA22gjLQlJL/vjAiI2VQ==
[2013-05-21 20:23:20.166] B000
[2013-05-21 20:23:20.166] 정상
[2013-05-21 20:23:20.166] LXJyFYm+Z0j/RlEoWUUrxAC8Yldj+xisJ5tO0AYcNxeng1YDbvgpUiqmFqZBJkaXdEg/1D+aotET9MWtzt/s+Zu5J2kGFLtXv97VJJwCD5wWq6wiOOQJoc92a6nQ1Nv7JSFA22gjLQlJL/vjAiI2VQ==
[2013-05-21 20:23:20.166] # final ret code=0<br>
[2013-05-21 20:34:32.960] # OKNAME v3.63 start!<br>
[2013-05-21 20:34:32.960] # mode=SAFE_AUTH_POPUP<br>
[2013-05-21 20:34:32.960] # argv[ 1](hs_cert_svc_tx_seqno)=20130521203432<br>
[2013-05-21 20:34:32.960] # argv[ 2](nm)=x<br>
[2013-05-21 20:34:32.960] # argv[ 3](brdt)=x<br>
[2013-05-21 20:34:32.960] # argv[ 4](sex)=x<br>
[2013-05-21 20:34:32.960] # argv[ 5](ntv_frnr_tp_cd)=x<br>
[2013-05-21 20:34:32.960] # argv[ 6](var1)=x<br>
[2013-05-21 20:34:32.960] # argv[ 7](var2)=x<br>
[2013-05-21 20:34:32.960] # argv[ 8](var3)=0<br>
[2013-05-21 20:34:32.960] # argv[ 9](var4)=0<br>
[2013-05-21 20:34:32.960] # argv[10](var5)=0<br>
[2013-05-21 20:34:32.960] # argv[11](return_msg)=x<br>
[2013-05-21 20:34:32.960] # argv[12](return_url)=http://opencode.co.kr/plugin/kcb/safe_hs_cert3.php<br>
[2013-05-21 20:34:32.960] # argv[13](in_tp_bit)=0<br>
[2013-05-21 20:34:32.961] # argv[14](hs_cert_msr_cd)=10<br>
[2013-05-21 20:34:32.961] # argv[15](hs_cert_rqst_caus_cd)=02<br>
[2013-05-21 20:34:32.961] # argv[16](idcf_mbr_com_cd)=V01270000000<br>
[2013-05-21 20:34:32.961] # argv[17](client_ip)=x<br>
[2013-05-21 20:34:32.961] # argv[18](client_site_nm)=opencode.co.kr<br>
[2013-05-21 20:34:32.961] # argv[19](end_point_url)=http://tsafe.ok-name.co.kr:29080/KcbWebService/OkNameService<br>
[2013-05-21 20:34:32.961] # argv[20](log_path)=/home/opencode/public_html/plugin/kcb/data/real<br>
[2013-05-21 20:34:32.961] # argv[21](option)=QL<br>
[2013-05-21 20:34:32.961] # soap_timeout: 30000 ms<br>
[2013-05-21 20:34:32.982] # key   : Agdp4RtC0AjceWmnoU1GpkoVhIPtXQ==:EijEPTl84pvRrD8a4JTeqQ==<br>
[2013-05-21 20:34:32.982] # spkey : Agdp4RtC0AjceWmnoU1GpkoVhIPtXQ==<br>
[2013-05-21 20:34:32.982] # ssig  : EijEPTl84pvRrD8a4JTeqQ==<br>
[2013-05-21 20:34:32.983] # nm               : x    <br>
[2013-05-21 20:34:32.983] # brdt             : x    <br>
[2013-05-21 20:34:32.983] # e_nm             : PhlQ4dw=<br>
[2013-05-21 20:34:32.983] # e_brdt           : PhlQ4dw=<br>
[2013-05-21 20:34:32.983] # cpkey : AwXbF7/BCKDbpHz2Fw0qwEoioBCqmg==<br>
[2013-05-21 20:34:32.983] # csig  : DLC/2+ncxQHIPq29QwQLbg==<br>
[2013-05-21 20:34:33.065] retmsg: BAlA8cb0zJPZ8yV5Vh62E3bdKZeoMwa8L/KGO0mHp3mv6DTjTn2VC1Uhtat4/bPqmfi3c4UvT/zCu96fNA2o3B4rmx4RHGmIQ0r2boom0efN1oN29NQ4otdzANvCJ1o7a7gCzbWyp0S9yFOEJly6ZH4s6qIFqLOgc9tiF+7QTH73qW4Vu1qhuTOYS8mWWr4V90j9665fq5jwxIIKVUDdsRQZ
[2013-05-21 20:34:33.065] retmsg: B000:정상:LXJyFYm+Z0j/RlEoWUUrxG/BfcR9rLr8TO2bAhvZhVBjv6s7H5MhnUmyMtxOA37JmrIf1IQi7i0ApV2QmE5z4qfWj2hHIqvJlOjd6aQD/euwiYwQnDqpbEx8HigIrqj1etjiI441vzYHLPzb8mChTw==
[2013-05-21 20:34:33.065] B000
[2013-05-21 20:34:33.065] 정상
[2013-05-21 20:34:33.065] LXJyFYm+Z0j/RlEoWUUrxG/BfcR9rLr8TO2bAhvZhVBjv6s7H5MhnUmyMtxOA37JmrIf1IQi7i0ApV2QmE5z4qfWj2hHIqvJlOjd6aQD/euwiYwQnDqpbEx8HigIrqj1etjiI441vzYHLPzb8mChTw==
[2013-05-21 20:34:33.065] # final ret code=0<br>
[2013-05-21 20:36:33.423] # OKNAME v3.63 start!<br>
[2013-05-21 20:36:33.424] # mode=SAFE_AUTH_POPUP<br>
[2013-05-21 20:36:33.424] # argv[ 1](hs_cert_svc_tx_seqno)=20130521203633<br>
[2013-05-21 20:36:33.424] # argv[ 2](nm)=x<br>
[2013-05-21 20:36:33.424] # argv[ 3](brdt)=x<br>
[2013-05-21 20:36:33.424] # argv[ 4](sex)=x<br>
[2013-05-21 20:36:33.424] # argv[ 5](ntv_frnr_tp_cd)=x<br>
[2013-05-21 20:36:33.424] # argv[ 6](var1)=x<br>
[2013-05-21 20:36:33.424] # argv[ 7](var2)=x<br>
[2013-05-21 20:36:33.424] # argv[ 8](var3)=0<br>
[2013-05-21 20:36:33.424] # argv[ 9](var4)=0<br>
[2013-05-21 20:36:33.424] # argv[10](var5)=0<br>
[2013-05-21 20:36:33.424] # argv[11](return_msg)=x<br>
[2013-05-21 20:36:33.424] # argv[12](return_url)=http://opencode.co.kr/plugin/kcb/safe_hs_cert3.php<br>
[2013-05-21 20:36:33.424] # argv[13](in_tp_bit)=0<br>
[2013-05-21 20:36:33.424] # argv[14](hs_cert_msr_cd)=10<br>
[2013-05-21 20:36:33.424] # argv[15](hs_cert_rqst_caus_cd)=02<br>
[2013-05-21 20:36:33.424] # argv[16](idcf_mbr_com_cd)=V01270000000<br>
[2013-05-21 20:36:33.424] # argv[17](client_ip)=x<br>
[2013-05-21 20:36:33.424] # argv[18](client_site_nm)=opencode.co.kr<br>
[2013-05-21 20:36:33.424] # argv[19](end_point_url)=http://tsafe.ok-name.co.kr:29080/KcbWebService/OkNameService<br>
[2013-05-21 20:36:33.424] # argv[20](log_path)=/home/opencode/public_html/plugin/kcb/data/real<br>
[2013-05-21 20:36:33.424] # argv[21](option)=QL<br>
[2013-05-21 20:36:33.424] # soap_timeout: 30000 ms<br>
[2013-05-21 20:36:33.481] # key   : AgR0GsOQVEuLS8SAOyLwMsqZVCeFPw==:NZz9eKMtina+aYpGrAGPjQ==<br>
[2013-05-21 20:36:33.481] # spkey : AgR0GsOQVEuLS8SAOyLwMsqZVCeFPw==<br>
[2013-05-21 20:36:33.481] # ssig  : NZz9eKMtina+aYpGrAGPjQ==<br>
[2013-05-21 20:36:33.482] # nm               : x    <br>
[2013-05-21 20:36:33.482] # brdt             : x    <br>
[2013-05-21 20:36:33.482] # e_nm             : EL6U+jo=<br>
[2013-05-21 20:36:33.482] # e_brdt           : EL6U+jo=<br>
[2013-05-21 20:36:33.482] # cpkey : AweWm9HXCCK5Lz4+AngyufIyyNyYaA==<br>
[2013-05-21 20:36:33.482] # csig  : hoQc4+R78CkpnY9mRwbuhw==<br>
[2013-05-21 20:36:33.532] retmsg: Kq6E6iD4VzV+vy/P7bB8mMSYko8N5JQ2EHxRoSJV4nvCh/RMBUS39HHLj9Iudd0z+G23HvF+6dqGOwVF6pahAy0VJAbHy0Th0eRJjbz1kpihg8AO3OIR+JSk98jnDVJTp2jKS4U5gHRpExDeMJZHB0b9CBauN9gqDXcaeL07361GCDfkQxskwon7BpL//ALGMmkhuTr2xWblbHvBr8a7jT36
[2013-05-21 20:36:33.533] retmsg: B000:정상:LXJyFYm+Z0j/RlEoWUUrxL8ty6CvV+4xspHgcaejXbN8OYc0w+K/6Z5tmapmODpFqdOmr6SYuaCtEpuQrsuZMk8+7vm/Rv/Sh2LtUtlZqF0eHcI5zYCfI+ekrOGD/hsN2JEffAWRHYW/jLzUQD9pmw==
[2013-05-21 20:36:33.533] B000
[2013-05-21 20:36:33.533] 정상
[2013-05-21 20:36:33.533] LXJyFYm+Z0j/RlEoWUUrxL8ty6CvV+4xspHgcaejXbN8OYc0w+K/6Z5tmapmODpFqdOmr6SYuaCtEpuQrsuZMk8+7vm/Rv/Sh2LtUtlZqF0eHcI5zYCfI+ekrOGD/hsN2JEffAWRHYW/jLzUQD9pmw==
[2013-05-21 20:36:33.533] # final ret code=0<br>
